<?xml version="1.0" encoding="UTF-8"?>
<!-- Generated by org.testng.reporters.JUnitReportReporter -->
<testsuite hostname="MCL-0048s-MacBook-Pro.local" failures="0" tests="6" name="com.dentscribe.testCases_iOS.TestSmsVerificationPageAfterLogin" time="79.983" errors="0" timestamp="2023-12-21T18:21:21 IST" skipped="0">
  <testcase classname="com.dentscribe.testCases_iOS.TestSmsVerificationPageAfterLogin" name="DS_010_verifyIsSmsVerificationPageExistsAfterLogin" time="12.214"/>
  <system-out/>
  <testcase classname="com.dentscribe.testCases_iOS.TestSmsVerificationPageAfterLogin" name="DS_011_verifySmsVerificationWithBlankOtp" time="1.213"/>
  <system-out/>
  <testcase classname="com.dentscribe.testCases_iOS.TestSmsVerificationPageAfterLogin" name="DS_012_verifySmsVerificationWithWrongOtp" time="13.677"/>
  <system-out/>
  <testcase classname="com.dentscribe.testCases_iOS.TestSmsVerificationPageAfterLogin" name="DS_013_verifySmsVerificationResendCodeLink" time="22.481"/>
  <system-out/>
  <testcase classname="com.dentscribe.testCases_iOS.TestSmsVerificationPageAfterLogin" name="DS_014_verifyWhetherSmsVerificationPageBackIconRedirectToLoginPage" time="1.268"/>
  <system-out/>
  <testcase classname="com.dentscribe.testCases_iOS.TestSmsVerificationPageAfterLogin" name="DS_015_verifySmsVerificationWithValidOtp" time="29.130"/>
  <system-out/>
</testsuite> <!-- com.dentscribe.testCases_iOS.TestSmsVerificationPageAfterLogin -->
