<?xml version="1.0" encoding="UTF-8"?>
<!-- Generated by org.testng.reporters.JUnitReportReporter -->
<testsuite hostname="MCL-0048s-MacBook-Pro.local" failures="0" tests="1" name="com.dentscribe.testCasesIOS.SubcriptionPlanTest" time="58.648" errors="0" timestamp="2023-11-09T18:56:45 IST" skipped="0">
  <testcase classname="com.dentscribe.testCasesIOS.SubcriptionPlanTest" name="VerifySubcriptionPlan" time="58.648"/>
  <system-out/>
</testsuite> <!-- com.dentscribe.testCasesIOS.SubcriptionPlanTest -->
