<?xml version="1.0" encoding="UTF-8"?>
<!-- Generated by org.testng.reporters.JUnitReportReporter -->
<testsuite hostname="MCL-0048s-MacBook-Pro.local" failures="0" tests="7" name="com.dentscribe.testCases_iOS.TestFeedbackAndNewFeedbackPages" time="66.895" errors="0" timestamp="2023-12-22T18:50:43 IST" skipped="0">
  <testcase classname="com.dentscribe.testCases_iOS.TestFeedbackAndNewFeedbackPages" name="verifyIsFeedbackPageExists" time="35.119"/>
  <system-out/>
  <testcase classname="com.dentscribe.testCases_iOS.TestFeedbackAndNewFeedbackPages" name="verifyIsExpectedFieldsExistsOnFeedbackPage" time="5.692"/>
  <system-out/>
  <testcase classname="com.dentscribe.testCases_iOS.TestFeedbackAndNewFeedbackPages" name="verifyIsNewFeedbackPageExists" time="1.295"/>
  <system-out/>
  <testcase classname="com.dentscribe.testCases_iOS.TestFeedbackAndNewFeedbackPages" name="verifyIsExpectedFieldsExistsOnNewFeedbackPage" time="1.003"/>
  <system-out/>
  <testcase classname="com.dentscribe.testCases_iOS.TestFeedbackAndNewFeedbackPages" name="verifyBackIconNewFeedbackPage" time="1.236"/>
  <system-out/>
  <testcase classname="com.dentscribe.testCases_iOS.TestFeedbackAndNewFeedbackPages" name="createNewFeedbackAndVerify" time="20.665"/>
  <system-out/>
  <testcase classname="com.dentscribe.testCases_iOS.TestFeedbackAndNewFeedbackPages" name="verifyBackIconFeedbackPage" time="1.885"/>
  <system-out/>
</testsuite> <!-- com.dentscribe.testCases_iOS.TestFeedbackAndNewFeedbackPages -->
