<?xml version="1.0" encoding="UTF-8"?>
<!-- Generated by org.testng.reporters.JUnitReportReporter -->
<testsuite hostname="MCL-0048s-MacBook-Pro.local" failures="0" tests="6" name="com.dentscribe.testCases_iOS.TestTourPages" time="57.817" errors="0" timestamp="2023-12-08T17:59:01 IST" skipped="0">
  <testcase classname="com.dentscribe.testCases_iOS.TestTourPages" name="DS_033_verifyIsTourPageExists" time="27.685"/>
  <system-out/>
  <testcase classname="com.dentscribe.testCases_iOS.TestTourPages" name="DS_034_verifyNextButtonFromFirstToLastTourPage" time="4.666"/>
  <system-out/>
  <testcase classname="com.dentscribe.testCases_iOS.TestTourPages" name="DS_035_verifyBackButtonFromLastToFirstTourPage" time="4.562"/>
  <system-out/>
  <testcase classname="com.dentscribe.testCases_iOS.TestTourPages" name="DS_036_verifyRightSwipeFromFirstToLastTourPage" time="6.287"/>
  <system-out/>
  <testcase classname="com.dentscribe.testCases_iOS.TestTourPages" name="DS_037_verifyLeftSwipeFromLastToFirstTourPage" time="6.511"/>
  <system-out/>
  <testcase classname="com.dentscribe.testCases_iOS.TestTourPages" name="DS_038_verifyNextButtonOfPatientDatabaseTourPage" time="8.106"/>
  <system-out/>
</testsuite> <!-- com.dentscribe.testCases_iOS.TestTourPages -->
