<?xml version="1.0" encoding="UTF-8"?>
<!-- Generated by org.testng.reporters.JUnitReportReporter -->
<testsuite hostname="MCL-0048s-MacBook-Pro.local" failures="0" tests="7" name="com.dentscribe.testCases_iOS.TestPatientSearchPage" time="160.061" errors="0" timestamp="2023-12-14T18:25:57 IST" skipped="0">
  <testcase classname="com.dentscribe.testCases_iOS.TestPatientSearchPage" name="DS_039_verifySkipLinkTourPages" time="29.295"/>
  <system-out/>
  <testcase classname="com.dentscribe.testCases_iOS.TestPatientSearchPage" name="DS_040_verifyIsPatientSearchPageExists" time="16.019"/>
  <system-out/>
  <testcase classname="com.dentscribe.testCases_iOS.TestPatientSearchPage" name="DS_041_verifyPatientSearchByInvalidData" time="15.514"/>
  <system-out/>
  <testcase classname="com.dentscribe.testCases_iOS.TestPatientSearchPage" name="DS_042_verifyPatientSearchByPatientName" time="25.691"/>
  <system-out/>
  <testcase classname="com.dentscribe.testCases_iOS.TestPatientSearchPage" name="DS_043_verifyPatientSearchByPatientPhoneNumber" time="36.487"/>
  <system-out/>
  <testcase classname="com.dentscribe.testCases_iOS.TestPatientSearchPage" name="DS_044_verifyPatientSearchByPatientDOB" time="15.098"/>
  <system-out/>
  <testcase classname="com.dentscribe.testCases_iOS.TestPatientSearchPage" name="DS_045_verifyPatientSearchByPatientInsurance" time="21.957"/>
  <system-out/>
</testsuite> <!-- com.dentscribe.testCases_iOS.TestPatientSearchPage -->
