<?xml version="1.0" encoding="UTF-8"?>
<!-- Generated by org.testng.reporters.JUnitReportReporter -->
<testsuite hostname="MCL-0048s-MacBook-Pro.local" failures="0" tests="6" name="com.dentscribe.testCases_iOS.TestSmsVerificationPageAfterLogin" time="80.322" errors="0" timestamp="2024-01-04T18:44:46 IST" skipped="0">
  <testcase classname="com.dentscribe.testCases_iOS.TestSmsVerificationPageAfterLogin" name="verifyIsSmsVerificationPageExistsAfterLogin" time="12.339"/>
  <system-out/>
  <testcase classname="com.dentscribe.testCases_iOS.TestSmsVerificationPageAfterLogin" name="verifySmsVerificationWithBlankOtp" time="1.244"/>
  <system-out/>
  <testcase classname="com.dentscribe.testCases_iOS.TestSmsVerificationPageAfterLogin" name="verifySmsVerificationWithWrongOtp" time="13.463"/>
  <system-out/>
  <testcase classname="com.dentscribe.testCases_iOS.TestSmsVerificationPageAfterLogin" name="verifySmsVerificationResendCodeLink" time="22.134"/>
  <system-out/>
  <testcase classname="com.dentscribe.testCases_iOS.TestSmsVerificationPageAfterLogin" name="verifyWhetherSmsVerificationPageBackIconRedirectToLoginPage" time="1.270"/>
  <system-out/>
  <testcase classname="com.dentscribe.testCases_iOS.TestSmsVerificationPageAfterLogin" name="verifySmsVerificationWithValidOtp" time="29.872"/>
  <system-out/>
</testsuite> <!-- com.dentscribe.testCases_iOS.TestSmsVerificationPageAfterLogin -->
