<?xml version="1.0" encoding="UTF-8"?>
<!-- Generated by org.testng.reporters.JUnitReportReporter -->
<testsuite hostname="MCL-0048s-MacBook-Pro.local" failures="0" tests="7" name="com.dentscribe.testCases_iOS.TestPatientSearchPage" time="181.723" errors="0" timestamp="2023-12-21T18:21:21 IST" skipped="0">
  <testcase classname="com.dentscribe.testCases_iOS.TestPatientSearchPage" name="DS_039_verifySkipLinkTourPages" time="30.173"/>
  <system-out/>
  <testcase classname="com.dentscribe.testCases_iOS.TestPatientSearchPage" name="DS_040_verifyIsPatientSearchPageExists" time="15.545"/>
  <system-out/>
  <testcase classname="com.dentscribe.testCases_iOS.TestPatientSearchPage" name="DS_041_verifyPatientSearchByInvalidData" time="11.082"/>
  <system-out/>
  <testcase classname="com.dentscribe.testCases_iOS.TestPatientSearchPage" name="DS_042_verifyPatientSearchByPatientName" time="29.083"/>
  <system-out/>
  <testcase classname="com.dentscribe.testCases_iOS.TestPatientSearchPage" name="DS_043_verifyPatientSearchByPatientPhoneNumber" time="49.000"/>
  <system-out/>
  <testcase classname="com.dentscribe.testCases_iOS.TestPatientSearchPage" name="DS_044_verifyPatientSearchByPatientDOB" time="21.734"/>
  <system-out/>
  <testcase classname="com.dentscribe.testCases_iOS.TestPatientSearchPage" name="DS_045_verifyPatientSearchByPatientInsurance" time="25.106"/>
  <system-out/>
</testsuite> <!-- com.dentscribe.testCases_iOS.TestPatientSearchPage -->
