<?xml version="1.0" encoding="UTF-8"?>
<!-- Generated by org.testng.reporters.JUnitReportReporter -->
<testsuite hostname="MCL-0048s-MacBook-Pro.local" failures="0" tests="3" name="com.dentscribe.testCases_iOS.TestChangePassword" time="78.214" errors="0" timestamp="2023-12-11T17:19:57 IST" skipped="0">
  <testcase classname="com.dentscribe.testCases_iOS.TestChangePassword" name="verifyChangePasswordFromSettingsPage" time="54.493"/>
  <system-out/>
  <testcase classname="com.dentscribe.testCases_iOS.TestChangePassword" name="verifyUserShouldNotLoginFromOldPassword" time="9.116"/>
  <system-out/>
  <testcase classname="com.dentscribe.testCases_iOS.TestChangePassword" name="verifyUserShouldLoginFromNewChangedPassword" time="14.605"/>
  <system-out/>
</testsuite> <!-- com.dentscribe.testCases_iOS.TestChangePassword -->
