<?xml version="1.0" encoding="UTF-8"?>
<!-- Generated by org.testng.reporters.JUnitReportReporter -->
<testsuite hostname="MCL-0048s-MacBook-Pro.local" failures="0" tests="3" name="com.dentscribe.testCasesIOS.AccoutingPracticeSettingTest" time="111.170" errors="0" timestamp="2023-12-01T17:35:46 IST" skipped="0">
  <testcase classname="com.dentscribe.testCasesIOS.AccoutingPracticeSettingTest" name="verifyNotifications" time="58.890"/>
  <system-out/>
  <testcase classname="com.dentscribe.testCasesIOS.AccoutingPracticeSettingTest" name="verifyAccounting" time="23.260"/>
  <system-out/>
  <testcase classname="com.dentscribe.testCasesIOS.AccoutingPracticeSettingTest" name="verifyPractice" time="29.020"/>
  <system-out/>
</testsuite> <!-- com.dentscribe.testCasesIOS.AccoutingPracticeSettingTest -->
