<?xml version="1.0" encoding="UTF-8"?>
<!-- Generated by org.testng.reporters.JUnitReportReporter -->
<testsuite hostname="MCL-0048s-MacBook-Pro.local" failures="0" tests="1" name="com.dentscribe.testCasesIOS.ValidationMandatoryFieldsCancelSubscription" time="54.037" errors="0" timestamp="2023-12-01T17:35:46 IST" skipped="0">
  <testcase classname="com.dentscribe.testCasesIOS.ValidationMandatoryFieldsCancelSubscription" name="cancelSubcribtionManatoryFieldsVerification" time="54.037"/>
  <system-out/>
</testsuite> <!-- com.dentscribe.testCasesIOS.ValidationMandatoryFieldsCancelSubscription -->
