<?xml version="1.0" encoding="UTF-8"?>
<!-- Generated by org.testng.reporters.JUnitReportReporter -->
<testsuite hostname="CPU-0190" failures="0" tests="1" name="org.dentscribe.androidTest.SearchPageTest" time="15.776" errors="0" timestamp="2023-09-11T16:58:13 IST" skipped="0">
  <testcase classname="org.dentscribe.androidTest.SearchPageTest" name="searchPatient" time="15.776"/>
  <system-out/>
</testsuite> <!-- org.dentscribe.androidTest.SearchPageTest -->
