<?xml version="1.0" encoding="UTF-8"?>
<!-- Generated by org.testng.reporters.JUnitReportReporter -->
<testsuite hostname="MCL-0048s-MacBook-Pro.local" failures="0" tests="1" name="com.dentscribe.testCasesIOS.DS_017_SearchPatientTest" time="118.631" errors="0" timestamp="2023-11-24T18:25:53 IST" skipped="0">
  <testcase classname="com.dentscribe.testCasesIOS.DS_017_SearchPatientTest" name="searchPatient" time="118.631"/>
  <system-out/>
</testsuite> <!-- com.dentscribe.testCasesIOS.DS_017_SearchPatientTest -->
