<?xml version="1.0" encoding="UTF-8"?>
<!-- Generated by org.testng.reporters.JUnitReportReporter -->
<testsuite hostname="MCL-0048s-MacBook-Pro.local" failures="0" tests="10" name="com.dentscribe.testCases_iOS.TestCreateUserBuyPaidPlanAndCancelPaidPlan" time="496.518" errors="0" timestamp="2023-12-13T16:57:41 IST" skipped="0">
  <testcase classname="com.dentscribe.testCases_iOS.TestCreateUserBuyPaidPlanAndCancelPaidPlan" name="verifySignupNewUser" time="68.766"/>
  <system-out/>
  <testcase classname="com.dentscribe.testCases_iOS.TestCreateUserBuyPaidPlanAndCancelPaidPlan" name="verifyCreatePracticeInfo" time="41.740"/>
  <system-out/>
  <testcase classname="com.dentscribe.testCases_iOS.TestCreateUserBuyPaidPlanAndCancelPaidPlan" name="verifySikkaWebViewRegistration" time="186.046"/>
  <system-out/>
  <testcase classname="com.dentscribe.testCases_iOS.TestCreateUserBuyPaidPlanAndCancelPaidPlan" name="verifySpuInstallPopupAndRefreshData" time="12.103"/>
  <system-out/>
  <testcase classname="com.dentscribe.testCases_iOS.TestCreateUserBuyPaidPlanAndCancelPaidPlan" name="verifyEulaAgreementAndAcceptIt" time="32.507"/>
  <system-out/>
  <testcase classname="com.dentscribe.testCases_iOS.TestCreateUserBuyPaidPlanAndCancelPaidPlan" name="verifyCanUserBuyPaidPlan" time="47.864"/>
  <system-out/>
  <testcase classname="com.dentscribe.testCases_iOS.TestCreateUserBuyPaidPlanAndCancelPaidPlan" name="verifyCancelSubscriptionPopup" time="10.610"/>
  <system-out/>
  <testcase classname="com.dentscribe.testCases_iOS.TestCreateUserBuyPaidPlanAndCancelPaidPlan" name="verifyCanUserCancelSubcription" time="11.276"/>
  <system-out/>
  <testcase classname="com.dentscribe.testCases_iOS.TestCreateUserBuyPaidPlanAndCancelPaidPlan" name="verifyCanUserUpdatePaymentMethod" time="78.917"/>
  <system-out/>
  <testcase classname="com.dentscribe.testCases_iOS.TestCreateUserBuyPaidPlanAndCancelPaidPlan" name="verifyCanUserBuyPlanAgain" time="6.689"/>
  <system-out/>
</testsuite> <!-- com.dentscribe.testCases_iOS.TestCreateUserBuyPaidPlanAndCancelPaidPlan -->
