<?xml version="1.0" encoding="UTF-8"?>
<!-- Generated by org.testng.reporters.JUnitReportReporter -->
<testsuite hostname="CPU-0190" failures="0" tests="1" name="com.dentscribe.android.tests.SignupWithoutPracticeForm" time="97.382" errors="0" timestamp="2023-09-26T11:52:20 IST" skipped="0">
  <testcase classname="com.dentscribe.android.tests.SignupWithoutPracticeForm" name="signupWithoutPracticeForm" time="97.382"/>
  <system-out/>
</testsuite> <!-- com.dentscribe.android.tests.SignupWithoutPracticeForm -->
