<?xml version="1.0" encoding="UTF-8"?>
<!-- Generated by org.testng.reporters.JUnitReportReporter -->
<testsuite hostname="MCL-0048s-MacBook-Pro.local" failures="0" tests="8" name="com.dentscribe.testCases_iOS.TestSignUpPage" time="113.300" errors="0" timestamp="2023-12-19T13:31:31 IST" skipped="0">
  <testcase classname="com.dentscribe.testCases_iOS.TestSignUpPage" name="DS_016_verifyIsSignupPageExists" time="1.364"/>
  <system-out/>
  <testcase classname="com.dentscribe.testCases_iOS.TestSignUpPage" name="DS_017_verifySignupWithoutMandatoryFields" time="18.773"/>
  <system-out/>
  <testcase classname="com.dentscribe.testCases_iOS.TestSignUpPage" name="DS_018_verifySignupPageForInvalidEmail" time="9.287"/>
  <system-out/>
  <testcase classname="com.dentscribe.testCases_iOS.TestSignUpPage" name="DS_019_verifySignupPageForWeakPassword" time="8.074"/>
  <system-out/>
  <testcase classname="com.dentscribe.testCases_iOS.TestSignUpPage" name="DS_020_verifySignupPageForConfirPassowrd" time="12.751"/>
  <system-out/>
  <testcase classname="com.dentscribe.testCases_iOS.TestSignUpPage" name="DS_021_verifyExistingAndDuplicateEmailId" time="47.594"/>
  <system-out/>
  <testcase classname="com.dentscribe.testCases_iOS.TestSignUpPage" name="DS_022_verifySignupWithOnlyMandatoryFields" time="9.958"/>
  <system-out/>
  <testcase classname="com.dentscribe.testCases_iOS.TestSignUpPage" name="DS_023_verifySignupConfirmationPopupButtons" time="5.499"/>
  <system-out/>
</testsuite> <!-- com.dentscribe.testCases_iOS.TestSignUpPage -->
