<?xml version="1.0" encoding="UTF-8"?>
<!-- Generated by org.testng.reporters.JUnitReportReporter -->
<testsuite hostname="MCL-0048s-MacBook-Pro.local" failures="0" tests="6" name="com.dentscribe.testCases_iOS.TestForgotPasswordPage" time="19.467" errors="0" timestamp="2024-01-04T18:44:46 IST" skipped="0">
  <testcase classname="com.dentscribe.testCases_iOS.TestForgotPasswordPage" name="verityIsForgotPasswordPageExists" time="1.511"/>
  <system-out/>
  <testcase classname="com.dentscribe.testCases_iOS.TestForgotPasswordPage" name="verifyForgotPasswordMandatoryFields" time="0.672"/>
  <system-out/>
  <testcase classname="com.dentscribe.testCases_iOS.TestForgotPasswordPage" name="verifyForgotPasswordForWrongEmailId" time="4.559"/>
  <system-out/>
  <testcase classname="com.dentscribe.testCases_iOS.TestForgotPasswordPage" name="verifyForgotPasswordForNotExistsEmailId" time="4.381"/>
  <system-out/>
  <testcase classname="com.dentscribe.testCases_iOS.TestForgotPasswordPage" name="verifyForgotPasswordForValidEmailId" time="7.021"/>
  <system-out/>
  <testcase classname="com.dentscribe.testCases_iOS.TestForgotPasswordPage" name="verifyForgotPasswordBackIcon" time="1.323"/>
  <system-out/>
</testsuite> <!-- com.dentscribe.testCases_iOS.TestForgotPasswordPage -->
