<?xml version="1.0" encoding="UTF-8"?>
<!-- Generated by org.testng.reporters.JUnitReportReporter -->
<testsuite hostname="CPU-0190" failures="0" tests="1" name="com.dentscribe.testCases.DS_028_SettingPageTest" time="34.372" errors="0" timestamp="2023-10-17T11:21:37 IST" skipped="0">
  <testcase classname="com.dentscribe.testCases.DS_028_SettingPageTest" name="settingPageTest" time="34.372"/>
  <system-out/>
</testsuite> <!-- com.dentscribe.testCases.DS_028_SettingPageTest -->
