<?xml version="1.0" encoding="UTF-8"?>
<!-- Generated by org.testng.reporters.JUnitReportReporter -->
<testsuite hostname="MCL-0048s-MacBook-Pro.local" failures="0" tests="1" name="com.dentscribe.testCases_iOS.TestRecordingfor10mintsAndGenerateSoapReport" time="778.462" errors="0" timestamp="2023-12-19T13:31:31 IST" skipped="0">
  <testcase classname="com.dentscribe.testCases_iOS.TestRecordingfor10mintsAndGenerateSoapReport" name="verifyWhetherSoapReportCreatedFor10mintsRecording" time="778.462"/>
  <system-out/>
</testsuite> <!-- com.dentscribe.testCases_iOS.TestRecordingfor10mintsAndGenerateSoapReport -->
