<?xml version="1.0" encoding="UTF-8"?>
<!-- Generated by org.testng.reporters.JUnitReportReporter -->
<testsuite hostname="MCL-0048s-MacBook-Pro.local" failures="0" tests="7" name="com.dentscribe.testCases_iOS.TestPatientSearchPage" time="151.116" errors="0" timestamp="2023-12-08T18:29:03 IST" skipped="0">
  <testcase classname="com.dentscribe.testCases_iOS.TestPatientSearchPage" name="DS_039_verifySkipLinkTourPages" time="29.942"/>
  <system-out/>
  <testcase classname="com.dentscribe.testCases_iOS.TestPatientSearchPage" name="DS_040_verifyIsPatientSearchPageExists" time="15.740"/>
  <system-out/>
  <testcase classname="com.dentscribe.testCases_iOS.TestPatientSearchPage" name="DS_041_verifyPatientSearchByInvalidData" time="15.441"/>
  <system-out/>
  <testcase classname="com.dentscribe.testCases_iOS.TestPatientSearchPage" name="DS_042_verifyPatientSearchByPatientName" time="23.209"/>
  <system-out/>
  <testcase classname="com.dentscribe.testCases_iOS.TestPatientSearchPage" name="DS_043_verifyPatientSearchByPatientPhoneNumber" time="22.499"/>
  <system-out/>
  <testcase classname="com.dentscribe.testCases_iOS.TestPatientSearchPage" name="DS_044_verifyPatientSearchByPatientDOB" time="15.816"/>
  <system-out/>
  <testcase classname="com.dentscribe.testCases_iOS.TestPatientSearchPage" name="DS_045_verifyPatientSearchByPatientInsurance" time="28.469"/>
  <system-out/>
</testsuite> <!-- com.dentscribe.testCases_iOS.TestPatientSearchPage -->
