<?xml version="1.0" encoding="UTF-8"?>
<!-- Generated by org.testng.reporters.JUnitReportReporter -->
<testsuite hostname="MCL-0048s-MacBook-Pro.local" failures="0" tests="10" name="com.dentscribe.testCasesIOS.DS_001_008_LoginAndSmsVerificationPageTest" time="103.453" errors="0" timestamp="2023-12-07T19:55:40 IST" skipped="0">
  <testcase classname="com.dentscribe.testCasesIOS.DS_001_008_LoginAndSmsVerificationPageTest" name="verifyIsLoginPageExistsAndItsFields" time="1.082"/>
  <system-out/>
  <testcase classname="com.dentscribe.testCasesIOS.DS_001_008_LoginAndSmsVerificationPageTest" name="verifyLoginWithoutMandatoryFields" time="1.046"/>
  <system-out/>
  <testcase classname="com.dentscribe.testCasesIOS.DS_001_008_LoginAndSmsVerificationPageTest" name="verifyLoginWithNonExistingUser" time="9.439"/>
  <system-out/>
  <testcase classname="com.dentscribe.testCasesIOS.DS_001_008_LoginAndSmsVerificationPageTest" name="verifyLoginWithInvalidPassword" time="10.154"/>
  <system-out/>
  <testcase classname="com.dentscribe.testCasesIOS.DS_001_008_LoginAndSmsVerificationPageTest" name="verifyLoginWithValidCredentials" time="13.451"/>
  <system-out/>
  <testcase classname="com.dentscribe.testCasesIOS.DS_001_008_LoginAndSmsVerificationPageTest" name="verifySmsVerificationWithBlankOtp" time="1.255"/>
  <system-out/>
  <testcase classname="com.dentscribe.testCasesIOS.DS_001_008_LoginAndSmsVerificationPageTest" name="verifySmsVerificationWithWrongOtp" time="13.975"/>
  <system-out/>
  <testcase classname="com.dentscribe.testCasesIOS.DS_001_008_LoginAndSmsVerificationPageTest" name="verifySmsVerificationResendCodeLink" time="21.971"/>
  <system-out/>
  <testcase classname="com.dentscribe.testCasesIOS.DS_001_008_LoginAndSmsVerificationPageTest" name="verifyWhetherSmsVerificationPageBackIconRedirectToLoginPage" time="1.310"/>
  <system-out/>
  <testcase classname="com.dentscribe.testCasesIOS.DS_001_008_LoginAndSmsVerificationPageTest" name="verifySmsVerificationWithValidOtp" time="29.770"/>
  <system-out/>
</testsuite> <!-- com.dentscribe.testCasesIOS.DS_001_008_LoginAndSmsVerificationPageTest -->
