<?xml version="1.0" encoding="UTF-8"?>
<!-- Generated by org.testng.reporters.JUnitReportReporter -->
<testsuite hostname="MCL-0048s-MacBook-Pro.local" failures="0" tests="1" name="com.dentscribe.testCases_iOS.TestRecordingfor50mintsAndGenerateSoapReport" time="194.806" errors="0" timestamp="2023-12-14T12:38:21 IST" skipped="0">
  <testcase classname="com.dentscribe.testCases_iOS.TestRecordingfor50mintsAndGenerateSoapReport" name="verifyWhetherSoapReportCreatedFor50mintsRecording" time="194.806"/>
  <system-out/>
</testsuite> <!-- com.dentscribe.testCases_iOS.TestRecordingfor50mintsAndGenerateSoapReport -->
