<?xml version="1.0" encoding="UTF-8"?>
<!-- Generated by org.testng.reporters.JUnitReportReporter -->
<testsuite hostname="MCL-0048s-MacBook-Pro.local" failures="0" tests="1" name="com.dentscribe.testCases_iOS.TestRecordingfor10mintsAndGenerateSoapReport" time="775.789" errors="0" timestamp="2023-12-22T16:41:24 IST" skipped="0">
  <testcase classname="com.dentscribe.testCases_iOS.TestRecordingfor10mintsAndGenerateSoapReport" name="verifyWhetherSoapReportCreatedFor10mintsRecording" time="775.789"/>
  <system-out/>
</testsuite> <!-- com.dentscribe.testCases_iOS.TestRecordingfor10mintsAndGenerateSoapReport -->
