<?xml version="1.0" encoding="UTF-8"?>
<!-- Generated by org.testng.reporters.JUnitReportReporter -->
<testsuite hostname="MCL-0048s-MacBook-Pro.local" failures="0" tests="6" name="com.dentscribe.testCases_iOS.TestTourPages" time="55.911" errors="0" timestamp="2023-12-19T13:31:31 IST" skipped="0">
  <testcase classname="com.dentscribe.testCases_iOS.TestTourPages" name="DS_033_verifyIsTourPageExists" time="26.752"/>
  <system-out/>
  <testcase classname="com.dentscribe.testCases_iOS.TestTourPages" name="DS_034_verifyNextButtonFromFirstToLastTourPage" time="4.481"/>
  <system-out/>
  <testcase classname="com.dentscribe.testCases_iOS.TestTourPages" name="DS_035_verifyBackButtonFromLastToFirstTourPage" time="4.391"/>
  <system-out/>
  <testcase classname="com.dentscribe.testCases_iOS.TestTourPages" name="DS_036_verifyRightSwipeFromFirstToLastTourPage" time="6.113"/>
  <system-out/>
  <testcase classname="com.dentscribe.testCases_iOS.TestTourPages" name="DS_037_verifyLeftSwipeFromLastToFirstTourPage" time="6.191"/>
  <system-out/>
  <testcase classname="com.dentscribe.testCases_iOS.TestTourPages" name="DS_038_verifyNextButtonOfPatientDatabaseTourPage" time="7.983"/>
  <system-out/>
</testsuite> <!-- com.dentscribe.testCases_iOS.TestTourPages -->
