<?xml version="1.0" encoding="UTF-8"?>
<!-- Generated by org.testng.reporters.JUnitReportReporter -->
<testsuite hostname="MCL-0048s-MacBook-Pro.local" failures="0" tests="6" name="com.dentscribe.testCases_iOS.TestLoginPage" time="57.347" errors="0" timestamp="2023-12-20T16:43:01 IST" skipped="0">
  <testcase classname="com.dentscribe.testCases_iOS.TestLoginPage" name="DS_004_verifyIsLoginPageExistsAndItsFields" time="2.024"/>
  <system-out/>
  <testcase classname="com.dentscribe.testCases_iOS.TestLoginPage" name="DS_005_verifyLoginWithoutMandatoryFields" time="1.134"/>
  <system-out/>
  <testcase classname="com.dentscribe.testCases_iOS.TestLoginPage" name="DS_006_verifyLoginWithNonExistingUser" time="10.858"/>
  <system-out/>
  <testcase classname="com.dentscribe.testCases_iOS.TestLoginPage" name="DS_007_verifyLoginWithInvalidPassword" time="12.460"/>
  <system-out/>
  <testcase classname="com.dentscribe.testCases_iOS.TestLoginPage" name="DS_008_verifyLoginWithThreeInvalidAttempts" time="16.732"/>
  <system-out/>
  <testcase classname="com.dentscribe.testCases_iOS.TestLoginPage" name="DS_009_verifyLoginWithValidCredentials" time="14.139"/>
  <system-out/>
</testsuite> <!-- com.dentscribe.testCases_iOS.TestLoginPage -->
