<?xml version="1.0" encoding="UTF-8"?>
<!-- Generated by org.testng.reporters.JUnitReportReporter -->
<testsuite hostname="MCL-0048s-MacBook-Pro.local" failures="0" tests="1" name="com.dentscribe.testCases_iOS.TestRecordingfor50mintsAndGenerateSoapReport" time="3228.634" errors="0" timestamp="2024-01-04T18:44:46 IST" skipped="0">
  <testcase classname="com.dentscribe.testCases_iOS.TestRecordingfor50mintsAndGenerateSoapReport" name="verifyWhetherSoapReportCreatedFor50mintsRecording" time="3228.634"/>
  <system-out/>
</testsuite> <!-- com.dentscribe.testCases_iOS.TestRecordingfor50mintsAndGenerateSoapReport -->
