<?xml version="1.0" encoding="UTF-8"?>
<!-- Generated by org.testng.reporters.JUnitReportReporter -->
<testsuite hostname="CPU-0190" failures="0" tests="1" name="com.dentscribe.android.tests.LoginTest" time="33.376" errors="0" timestamp="2023-10-05T10:32:15 IST" skipped="0">
  <testcase classname="com.dentscribe.android.tests.LoginTest" name="loginTest" time="33.376"/>
  <system-out/>
</testsuite> <!-- com.dentscribe.android.tests.LoginTest -->
