<?xml version="1.0" encoding="UTF-8"?>
<!-- Generated by org.testng.reporters.JUnitReportReporter -->
<testsuite hostname="MCL-0048s-MacBook-Pro.local" failures="0" tests="9" name="com.dentscribe.testCases_iOS.TestAllAppointmentStatuses" time="275.405" errors="0" timestamp="2024-01-04T18:44:46 IST" skipped="0">
  <testcase classname="com.dentscribe.testCases_iOS.TestAllAppointmentStatuses" name="goToCalendarPageAndSelectAppointmentsDate" time="89.008"/>
  <system-out/>
  <testcase classname="com.dentscribe.testCases_iOS.TestAllAppointmentStatuses" name="verifyIsPatientPopupAppearingOnStartButtonClick" time="15.576"/>
  <system-out/>
  <testcase classname="com.dentscribe.testCases_iOS.TestAllAppointmentStatuses" name="verifyStartRecordingButtonOnPatientDetailsPopupAndClick" time="23.432"/>
  <system-out/>
  <testcase classname="com.dentscribe.testCases_iOS.TestAllAppointmentStatuses" name="verifyIsAppointmentStatusContinueAfterPauseRecording" time="19.547"/>
  <system-out/>
  <testcase classname="com.dentscribe.testCases_iOS.TestAllAppointmentStatuses" name="verifyIsPatientPopupAppearingOnContinueButtonClick" time="9.597"/>
  <system-out/>
  <testcase classname="com.dentscribe.testCases_iOS.TestAllAppointmentStatuses" name="verifyContinueRecordingButtonOnPatientDetailsPopupAndClick" time="24.045"/>
  <system-out/>
  <testcase classname="com.dentscribe.testCases_iOS.TestAllAppointmentStatuses" name="verifyIsAppointmentStatusReviewAfterStopRecording" time="57.694"/>
  <system-out/>
  <testcase classname="com.dentscribe.testCases_iOS.TestAllAppointmentStatuses" name="addSignatureInSoapReportAndSubmit" time="23.202"/>
  <system-out/>
  <testcase classname="com.dentscribe.testCases_iOS.TestAllAppointmentStatuses" name="verifyIsAppointmentStatusReviewedAndSoapReportAfterClickIt" time="13.304"/>
  <system-out/>
</testsuite> <!-- com.dentscribe.testCases_iOS.TestAllAppointmentStatuses -->
