<?xml version="1.0" encoding="UTF-8"?>
<!-- Generated by org.testng.reporters.JUnitReportReporter -->
<testsuite hostname="MCL-0048s-MacBook-Pro.local" failures="0" tests="6" name="com.dentscribe.testCases_iOS.TestLoginPage" time="51.666" errors="0" timestamp="2024-01-04T18:44:46 IST" skipped="0">
  <testcase classname="com.dentscribe.testCases_iOS.TestLoginPage" name="verifyIsLoginPageExistsAndItsFields" time="1.271"/>
  <system-out/>
  <testcase classname="com.dentscribe.testCases_iOS.TestLoginPage" name="verifyLoginWithoutMandatoryFields" time="1.031"/>
  <system-out/>
  <testcase classname="com.dentscribe.testCases_iOS.TestLoginPage" name="DS_006_verifyLoginWithNonExistingUser" time="10.221"/>
  <system-out/>
  <testcase classname="com.dentscribe.testCases_iOS.TestLoginPage" name="verifyLoginWithInvalidPassword" time="10.297"/>
  <system-out/>
  <testcase classname="com.dentscribe.testCases_iOS.TestLoginPage" name="verifyLoginWithThreeInvalidAttempts" time="14.140"/>
  <system-out/>
  <testcase classname="com.dentscribe.testCases_iOS.TestLoginPage" name="verifyLoginWithValidCredentials" time="14.706"/>
  <system-out/>
</testsuite> <!-- com.dentscribe.testCases_iOS.TestLoginPage -->
