<?xml version="1.0" encoding="UTF-8"?>
<!-- Generated by org.testng.reporters.JUnitReportReporter -->
<testsuite hostname="CPU-0190" failures="0" tests="1" name="com.dentscribe.android.tests.SignupTest" time="139.134" errors="0" timestamp="2023-09-22T11:42:51 IST" skipped="0">
  <testcase classname="com.dentscribe.android.tests.SignupTest" name="signupTest" time="139.134"/>
  <system-out/>
</testsuite> <!-- com.dentscribe.android.tests.SignupTest -->
