<?xml version="1.0" encoding="UTF-8"?>
<!-- Generated by org.testng.reporters.JUnitReportReporter -->
<testsuite hostname="CPU-0190" failures="0" tests="1" name="org.dentscribe.androidTest.SearchPatientTest" time="42.485" errors="0" timestamp="2023-09-13T17:37:29 IST" skipped="0">
  <testcase classname="org.dentscribe.androidTest.SearchPatientTest" name="searchPatient" time="42.485"/>
  <system-out/>
</testsuite> <!-- org.dentscribe.androidTest.SearchPatientTest -->
