<?xml version="1.0" encoding="UTF-8"?>
<!-- Generated by org.testng.reporters.JUnitReportReporter -->
<testsuite hostname="MCL-0048s-MacBook-Pro.local" failures="0" tests="9" name="com.dentscribe.testCases_iOS.TestSoapReportAndPatientProfilePage" time="286.497" errors="0" timestamp="2023-12-19T13:31:31 IST" skipped="0">
  <testcase classname="com.dentscribe.testCases_iOS.TestSoapReportAndPatientProfilePage" name="verifyIsRecordingPageOpenedForExpectedPatient" time="105.701"/>
  <system-out/>
  <testcase classname="com.dentscribe.testCases_iOS.TestSoapReportAndPatientProfilePage" name="verifyBackIconRecordingPage" time="5.598"/>
  <system-out/>
  <testcase classname="com.dentscribe.testCases_iOS.TestSoapReportAndPatientProfilePage" name="verifyIsSoapReportCreated" time="67.531"/>
  <system-out/>
  <testcase classname="com.dentscribe.testCases_iOS.TestSoapReportAndPatientProfilePage" name="verifyEditIconSoapReport" time="0.707"/>
  <system-out/>
  <testcase classname="com.dentscribe.testCases_iOS.TestSoapReportAndPatientProfilePage" name="verifyEditSoapReportAndAddSignatureDuringEditableReport" time="1.989"/>
  <system-out/>
  <testcase classname="com.dentscribe.testCases_iOS.TestSoapReportAndPatientProfilePage" name="updateUserDetailsAndVerifySame" time="25.242"/>
  <system-out/>
  <testcase classname="com.dentscribe.testCases_iOS.TestSoapReportAndPatientProfilePage" name="verifyBackIconSoapReportAndReviewedButtonForAppointment" time="13.007"/>
  <system-out/>
  <testcase classname="com.dentscribe.testCases_iOS.TestSoapReportAndPatientProfilePage" name="verifyPatientProfilePage" time="52.891"/>
  <system-out/>
  <testcase classname="com.dentscribe.testCases_iOS.TestSoapReportAndPatientProfilePage" name="verifyBackIconPatientProfilePage" time="13.831"/>
  <system-out/>
</testsuite> <!-- com.dentscribe.testCases_iOS.TestSoapReportAndPatientProfilePage -->
