<?xml version="1.0" encoding="UTF-8"?>
<!-- Generated by org.testng.reporters.JUnitReportReporter -->
<testsuite hostname="MCL-0048s-MacBook-Pro.local" failures="0" tests="10" name="com.dentscribe.testCases_iOS.TestCreateUserBuyPaidPlanAndCancelPaidPlan" time="498.093" errors="0" timestamp="2023-12-11T13:12:52 IST" skipped="0">
  <testcase classname="com.dentscribe.testCases_iOS.TestCreateUserBuyPaidPlanAndCancelPaidPlan" name="verifySignupNewUser" time="68.373"/>
  <system-out/>
  <testcase classname="com.dentscribe.testCases_iOS.TestCreateUserBuyPaidPlanAndCancelPaidPlan" name="verifyCreatePracticeInfo" time="40.858"/>
  <system-out/>
  <testcase classname="com.dentscribe.testCases_iOS.TestCreateUserBuyPaidPlanAndCancelPaidPlan" name="verifySikkaWebViewRegistration" time="186.195"/>
  <system-out/>
  <testcase classname="com.dentscribe.testCases_iOS.TestCreateUserBuyPaidPlanAndCancelPaidPlan" name="verifySpuInstallPopupAndRefreshData" time="11.921"/>
  <system-out/>
  <testcase classname="com.dentscribe.testCases_iOS.TestCreateUserBuyPaidPlanAndCancelPaidPlan" name="verifyEulaAgreementAndAcceptIt" time="32.384"/>
  <system-out/>
  <testcase classname="com.dentscribe.testCases_iOS.TestCreateUserBuyPaidPlanAndCancelPaidPlan" name="verifyCanUserBuyPaidPlan" time="51.713"/>
  <system-out/>
  <testcase classname="com.dentscribe.testCases_iOS.TestCreateUserBuyPaidPlanAndCancelPaidPlan" name="verifyCancelSubscriptionPopup" time="10.531"/>
  <system-out/>
  <testcase classname="com.dentscribe.testCases_iOS.TestCreateUserBuyPaidPlanAndCancelPaidPlan" name="verifyCanUserCancelSubcription" time="11.802"/>
  <system-out/>
  <testcase classname="com.dentscribe.testCases_iOS.TestCreateUserBuyPaidPlanAndCancelPaidPlan" name="verifyCanUserUpdatePaymentMethod" time="77.687"/>
  <system-out/>
  <testcase classname="com.dentscribe.testCases_iOS.TestCreateUserBuyPaidPlanAndCancelPaidPlan" name="verifyCanUserBuyPlanAgain" time="6.629"/>
  <system-out/>
</testsuite> <!-- com.dentscribe.testCases_iOS.TestCreateUserBuyPaidPlanAndCancelPaidPlan -->
