<?xml version="1.0" encoding="UTF-8"?>
<!-- Generated by org.testng.reporters.JUnitReportReporter -->
<testsuite hostname="MCL-0048s-MacBook-Pro.local" failures="0" tests="8" name="com.dentscribe.testCases_iOS.TestSignUpPage" time="117.689" errors="0" timestamp="2023-12-28T13:28:03 IST" skipped="0">
  <testcase classname="com.dentscribe.testCases_iOS.TestSignUpPage" name="verifyIsSignupPageExists" time="1.299"/>
  <system-out/>
  <testcase classname="com.dentscribe.testCases_iOS.TestSignUpPage" name="verifySignupWithoutMandatoryFields" time="18.808"/>
  <system-out/>
  <testcase classname="com.dentscribe.testCases_iOS.TestSignUpPage" name="verifySignupPageForInvalidEmail" time="9.266"/>
  <system-out/>
  <testcase classname="com.dentscribe.testCases_iOS.TestSignUpPage" name="verifySignupPageForWeakPassword" time="8.298"/>
  <system-out/>
  <testcase classname="com.dentscribe.testCases_iOS.TestSignUpPage" name="verifySignupPageForConfirmPassowrd" time="13.030"/>
  <system-out/>
  <testcase classname="com.dentscribe.testCases_iOS.TestSignUpPage" name="verifyExistingAndDuplicateEmailId" time="51.378"/>
  <system-out/>
  <testcase classname="com.dentscribe.testCases_iOS.TestSignUpPage" name="verifySignupWithOnlyMandatoryFields" time="9.968"/>
  <system-out/>
  <testcase classname="com.dentscribe.testCases_iOS.TestSignUpPage" name="verifySignupConfirmationPopupButtons" time="5.642"/>
  <system-out/>
</testsuite> <!-- com.dentscribe.testCases_iOS.TestSignUpPage -->
