<?xml version="1.0" encoding="UTF-8"?>
<!-- Generated by org.testng.reporters.JUnitReportReporter -->
<testsuite hostname="MCL-0048s-MacBook-Pro.local" failures="0" tests="1" name="com.dentscribe.testCasesIOS.SubscriptionPlanTest" time="56.349" errors="0" timestamp="2023-11-24T11:01:38 IST" skipped="0">
  <testcase classname="com.dentscribe.testCasesIOS.SubscriptionPlanTest" name="VerifySubcriptionPlan" time="56.349"/>
  <system-out/>
</testsuite> <!-- com.dentscribe.testCasesIOS.SubscriptionPlanTest -->
