<?xml version="1.0" encoding="UTF-8"?>
<!-- Generated by org.testng.reporters.JUnitReportReporter -->
<testsuite hostname="MCL-0048s-MacBook-Pro.local" failures="0" tests="7" name="com.dentscribe.testCases_iOS.TestFeedbackAndNewFeedbackPages" time="64.372" errors="0" timestamp="2023-12-28T13:28:03 IST" skipped="0">
  <testcase classname="com.dentscribe.testCases_iOS.TestFeedbackAndNewFeedbackPages" name="verifyIsFeedbackPageExists" time="38.431"/>
  <system-out/>
  <testcase classname="com.dentscribe.testCases_iOS.TestFeedbackAndNewFeedbackPages" name="verifyIsExpectedFieldsExistsOnFeedbackPage" time="0.474"/>
  <system-out/>
  <testcase classname="com.dentscribe.testCases_iOS.TestFeedbackAndNewFeedbackPages" name="verifyIsNewFeedbackPageExists" time="1.156"/>
  <system-out/>
  <testcase classname="com.dentscribe.testCases_iOS.TestFeedbackAndNewFeedbackPages" name="verifyIsExpectedFieldsExistsOnNewFeedbackPage" time="1.037"/>
  <system-out/>
  <testcase classname="com.dentscribe.testCases_iOS.TestFeedbackAndNewFeedbackPages" name="verifyBackIconNewFeedbackPage" time="1.136"/>
  <system-out/>
  <testcase classname="com.dentscribe.testCases_iOS.TestFeedbackAndNewFeedbackPages" name="createNewFeedbackAndVerify" time="20.231"/>
  <system-out/>
  <testcase classname="com.dentscribe.testCases_iOS.TestFeedbackAndNewFeedbackPages" name="verifyBackIconFeedbackPage" time="1.907"/>
  <system-out/>
</testsuite> <!-- com.dentscribe.testCases_iOS.TestFeedbackAndNewFeedbackPages -->
