<?xml version="1.0" encoding="UTF-8"?>
<!-- Generated by org.testng.reporters.JUnitReportReporter -->
<testsuite hostname="CPU-0190" failures="0" tests="1" name="com.dentscribe.testCases.CalendarTest" time="44.141" errors="0" timestamp="2023-10-11T14:25:57 IST" skipped="0">
  <testcase classname="com.dentscribe.testCases.CalendarTest" name="verifyCalendarFunctionality" time="44.141"/>
  <system-out/>
</testsuite> <!-- com.dentscribe.testCases.CalendarTest -->
