<?xml version="1.0" encoding="UTF-8"?>
<!-- Generated by org.testng.reporters.JUnitReportReporter -->
<testsuite hostname="MCL-0048s-MacBook-Pro.local" failures="1" tests="5" name="com.dentscribe.testCases_iOS.TestSignupAndLoginWithoutRegisterPractice" time="123.227" errors="1" timestamp="2023-12-22T16:41:24 IST" skipped="0">
  <testcase classname="com.dentscribe.testCases_iOS.TestSignupAndLoginWithoutRegisterPractice" name="DS_028_verifySignupWithNonSupportedPMS" time="50.435">
    <failure message="null" type="java.lang.AssertionError">
      <![CDATA[java.lang.AssertionError: null
at org.testng.Assert.fail(Assert.java:99)
at org.testng.Assert.fail(Assert.java:106)
at com.dentscribe.pages.ios.SignUpPage.verifyNonSupportedPmsPopupAndClose(SignUpPage.java:129)
at com.dentscribe.testCases_iOS.TestSignupAndLoginWithoutRegisterPractice.DS_028_verifySignupWithNonSupportedPMS(TestSignupAndLoginWithoutRegisterPractice.java:27)
at java.base/jdk.internal.reflect.DirectMethodHandleAccessor.invoke(DirectMethodHandleAccessor.java:104)
at java.base/java.lang.reflect.Method.invoke(Method.java:578)
at org.testng.internal.MethodInvocationHelper.invokeMethod(MethodInvocationHelper.java:133)
at org.testng.internal.TestInvoker.invokeMethod(TestInvoker.java:598)
at org.testng.internal.TestInvoker.invokeTestMethod(TestInvoker.java:173)
at org.testng.internal.MethodRunner.runInSequence(MethodRunner.java:46)
at org.testng.internal.TestInvoker$MethodInvocationAgent.invoke(TestInvoker.java:824)
at org.testng.internal.TestInvoker.invokeTestMethods(TestInvoker.java:146)
at org.testng.internal.TestMethodWorker.invokeTestMethods(TestMethodWorker.java:146)
at org.testng.internal.TestMethodWorker.run(TestMethodWorker.java:128)
at java.base/java.util.ArrayList.forEach(ArrayList.java:1511)
at org.testng.TestRunner.privateRun(TestRunner.java:794)
at org.testng.TestRunner.run(TestRunner.java:596)
at org.testng.SuiteRunner.runTest(SuiteRunner.java:377)
at org.testng.SuiteRunner.runSequentially(SuiteRunner.java:371)
at org.testng.SuiteRunner.privateRun(SuiteRunner.java:332)
at org.testng.SuiteRunner.run(SuiteRunner.java:276)
at org.testng.SuiteRunnerWorker.runSuite(SuiteRunnerWorker.java:53)
at org.testng.SuiteRunnerWorker.run(SuiteRunnerWorker.java:96)
at org.testng.TestNG.runSuitesSequentially(TestNG.java:1212)
at org.testng.TestNG.runSuitesLocally(TestNG.java:1134)
at org.testng.TestNG.runSuites(TestNG.java:1063)
at org.testng.TestNG.run(TestNG.java:1031)
at org.testng.remote.AbstractRemoteTestNG.run(AbstractRemoteTestNG.java:115)
at org.testng.remote.RemoteTestNG.initAndRun(RemoteTestNG.java:251)
at org.testng.remote.RemoteTestNG.main(RemoteTestNG.java:77)
]]>
    </failure>
  </testcase> <!-- DS_028_verifySignupWithNonSupportedPMS -->
  <system-out/>
  <testcase classname="com.dentscribe.testCases_iOS.TestSignupAndLoginWithoutRegisterPractice" name="DS_029_verifySignupWithSupportedPMS" time="30.995">
    <error message="Expected condition failed: waiting for element to be clickable: [[IOSDriver:  on IOS (ee36de87-1357-421e-8aa2-5e9b711dbaec)] -&gt; xpath: (//XCUIElementTypeOther[@name=&#039;&#039;])[2]] (tried for 30 second(s) with 500 milliseconds interval)
Build info: version: &#039;4.13.0&#039;, revision: &#039;ba948ece5b*&#039;
System info: os.name: &#039;Mac OS X&#039;, os.arch: &#039;aarch64&#039;, os.version: &#039;13.4&#039;, java.version: &#039;20.0.2&#039;
Driver info: io.appium.java_client.ios.IOSDriver
Capabilities {appium:app: //Users//mcl-0048/Desktop//..., appium:automationName: XCuiTest, appium:databaseEnabled: false, appium:deviceName: iPhone 14 Plus, appium:javascriptEnabled: true, appium:locationContextEnabled: false, appium:networkConnectionEnabled: false, appium:newCommandTimeout: 5400, appium:platformVersion: 16.4, appium:takesScreenshot: true, appium:udid: 2A4A9901-84B0-429C-B765-6C1..., appium:webStorageEnabled: false, platformName: IOS}
Session ID: ee36de87-1357-421e-8aa2-5e9b711dbaec" type="org.openqa.selenium.TimeoutException">
      <![CDATA[org.openqa.selenium.TimeoutException: Expected condition failed: waiting for element to be clickable: [[IOSDriver:  on IOS (ee36de87-1357-421e-8aa2-5e9b711dbaec)] -> xpath: (//XCUIElementTypeOther[@name=''])[2]] (tried for 30 second(s) with 500 milliseconds interval)
Build info: version: '4.13.0', revision: 'ba948ece5b*'
System info: os.name: 'Mac OS X', os.arch: 'aarch64', os.version: '13.4', java.version: '20.0.2'
Driver info: io.appium.java_client.ios.IOSDriver
Capabilities {appium:app: //Users//mcl-0048/Desktop//..., appium:automationName: XCuiTest, appium:databaseEnabled: false, appium:deviceName: iPhone 14 Plus, appium:javascriptEnabled: true, appium:locationContextEnabled: false, appium:networkConnectionEnabled: false, appium:newCommandTimeout: 5400, appium:platformVersion: 16.4, appium:takesScreenshot: true, appium:udid: 2A4A9901-84B0-429C-B765-6C1..., appium:webStorageEnabled: false, platformName: IOS}
Session ID: ee36de87-1357-421e-8aa2-5e9b711dbaec
at org.openqa.selenium.support.ui.WebDriverWait.timeoutException(WebDriverWait.java:84)
at org.openqa.selenium.support.ui.FluentWait.until(FluentWait.java:230)
at com.dentscribe.common.CommonMethods.click(CommonMethods.java:102)
at com.dentscribe.pages.ios.SignUpPage.selectPracticeManagementSoftware(SignUpPage.java:248)
at com.dentscribe.testCases_iOS.TestSignupAndLoginWithoutRegisterPractice.DS_029_verifySignupWithSupportedPMS(TestSignupAndLoginWithoutRegisterPractice.java:33)
at java.base/jdk.internal.reflect.DirectMethodHandleAccessor.invoke(DirectMethodHandleAccessor.java:104)
at java.base/java.lang.reflect.Method.invoke(Method.java:578)
at org.testng.internal.MethodInvocationHelper.invokeMethod(MethodInvocationHelper.java:133)
at org.testng.internal.TestInvoker.invokeMethod(TestInvoker.java:598)
at org.testng.internal.TestInvoker.invokeTestMethod(TestInvoker.java:173)
at org.testng.internal.MethodRunner.runInSequence(MethodRunner.java:46)
at org.testng.internal.TestInvoker$MethodInvocationAgent.invoke(TestInvoker.java:824)
at org.testng.internal.TestInvoker.invokeTestMethods(TestInvoker.java:146)
at org.testng.internal.TestMethodWorker.invokeTestMethods(TestMethodWorker.java:146)
at org.testng.internal.TestMethodWorker.run(TestMethodWorker.java:128)
at java.base/java.util.ArrayList.forEach(ArrayList.java:1511)
at org.testng.TestRunner.privateRun(TestRunner.java:794)
at org.testng.TestRunner.run(TestRunner.java:596)
at org.testng.SuiteRunner.runTest(SuiteRunner.java:377)
at org.testng.SuiteRunner.runSequentially(SuiteRunner.java:371)
at org.testng.SuiteRunner.privateRun(SuiteRunner.java:332)
at org.testng.SuiteRunner.run(SuiteRunner.java:276)
at org.testng.SuiteRunnerWorker.runSuite(SuiteRunnerWorker.java:53)
at org.testng.SuiteRunnerWorker.run(SuiteRunnerWorker.java:96)
at org.testng.TestNG.runSuitesSequentially(TestNG.java:1212)
at org.testng.TestNG.runSuitesLocally(TestNG.java:1134)
at org.testng.TestNG.runSuites(TestNG.java:1063)
at org.testng.TestNG.run(TestNG.java:1031)
at org.testng.remote.AbstractRemoteTestNG.run(AbstractRemoteTestNG.java:115)
at org.testng.remote.RemoteTestNG.initAndRun(RemoteTestNG.java:251)
at org.testng.remote.RemoteTestNG.main(RemoteTestNG.java:77)
]]>
    </error>
  </testcase> <!-- DS_029_verifySignupWithSupportedPMS -->
  <system-out/>
  <testcase classname="com.dentscribe.testCases_iOS.TestSignupAndLoginWithoutRegisterPractice" name="DS_030_verifyWishToContinuePopupBackButton" time="2.032"/>
  <system-out/>
  <testcase classname="com.dentscribe.testCases_iOS.TestSignupAndLoginWithoutRegisterPractice" name="DS_031_verifyPracticeInfoMandatoryFields" time="29.388"/>
  <system-out/>
  <testcase classname="com.dentscribe.testCases_iOS.TestSignupAndLoginWithoutRegisterPractice" name="DS_032_verifyLoginWithoutRegisterPractice" time="10.377"/>
  <system-out/>
</testsuite> <!-- com.dentscribe.testCases_iOS.TestSignupAndLoginWithoutRegisterPractice -->
