<?xml version="1.0" encoding="UTF-8"?>
<!-- Generated by org.testng.reporters.JUnitReportReporter -->
<testsuite hostname="MCL-0048s-MacBook-Pro.local" failures="0" tests="1" name="com.dentscribe.testCasesIOS.ChangePasswordTest" time="92.421" errors="0" timestamp="2023-11-30T16:10:13 IST" skipped="0">
  <testcase classname="com.dentscribe.testCasesIOS.ChangePasswordTest" name="changePassword" time="92.421"/>
  <system-out/>
</testsuite> <!-- com.dentscribe.testCasesIOS.ChangePasswordTest -->
