<?xml version="1.0" encoding="UTF-8"?>
<!-- Generated by org.testng.reporters.JUnitReportReporter -->
<testsuite hostname="CPU-0190" failures="0" tests="1" name="com.dentscribe.android.tests.PmsNotVerified" time="70.578" errors="0" timestamp="2023-09-27T16:37:05 IST" skipped="0">
  <testcase classname="com.dentscribe.android.tests.PmsNotVerified" name="pmsNotVerifiedFunctionality" time="70.578"/>
  <system-out/>
</testsuite> <!-- com.dentscribe.android.tests.PmsNotVerified -->
