<?xml version="1.0" encoding="UTF-8"?>
<!-- Generated by org.testng.reporters.JUnitReportReporter -->
<testsuite hostname="MCL-0048s-MacBook-Pro.local" failures="0" tests="1" name="com.dentscribe.testCasesIOS.DS_005_SignupWithoutPracticeForm" time="47.005" errors="0" timestamp="2023-12-07T17:23:14 IST" skipped="0">
  <testcase classname="com.dentscribe.testCasesIOS.DS_005_SignupWithoutPracticeForm" name="signupWithoutPracticeForm" time="47.005"/>
  <system-out/>
</testsuite> <!-- com.dentscribe.testCasesIOS.DS_005_SignupWithoutPracticeForm -->
