<?xml version="1.0" encoding="UTF-8"?>
<!-- Generated by org.testng.reporters.JUnitReportReporter -->
<testsuite hostname="MCL-0048s-MacBook-Pro.local" failures="0" tests="10" name="com.dentscribe.testCases_iOS.TestCreateUserBuyPaidPlanAndCancelPaidPlan" time="508.952" errors="0" timestamp="2023-12-28T13:28:03 IST" skipped="0">
  <testcase classname="com.dentscribe.testCases_iOS.TestCreateUserBuyPaidPlanAndCancelPaidPlan" name="verifySignupNewUser" time="69.641"/>
  <system-out/>
  <testcase classname="com.dentscribe.testCases_iOS.TestCreateUserBuyPaidPlanAndCancelPaidPlan" name="verifyCreatePracticeInfo" time="44.503"/>
  <system-out/>
  <testcase classname="com.dentscribe.testCases_iOS.TestCreateUserBuyPaidPlanAndCancelPaidPlan" name="verifySikkaWebViewRegistration" time="189.541"/>
  <system-out/>
  <testcase classname="com.dentscribe.testCases_iOS.TestCreateUserBuyPaidPlanAndCancelPaidPlan" name="verifySpuInstallPopupAndRefreshData" time="12.115"/>
  <system-out/>
  <testcase classname="com.dentscribe.testCases_iOS.TestCreateUserBuyPaidPlanAndCancelPaidPlan" name="verifyEulaAgreementPageAndAcceptAgreement" time="33.338"/>
  <system-out/>
  <testcase classname="com.dentscribe.testCases_iOS.TestCreateUserBuyPaidPlanAndCancelPaidPlan" name="verifyCanUserBuyPaidPlan" time="52.564"/>
  <system-out/>
  <testcase classname="com.dentscribe.testCases_iOS.TestCreateUserBuyPaidPlanAndCancelPaidPlan" name="verifyCancelSubscriptionPopup" time="10.847"/>
  <system-out/>
  <testcase classname="com.dentscribe.testCases_iOS.TestCreateUserBuyPaidPlanAndCancelPaidPlan" name="verifyCanUserCancelSubcription" time="11.664"/>
  <system-out/>
  <testcase classname="com.dentscribe.testCases_iOS.TestCreateUserBuyPaidPlanAndCancelPaidPlan" name="verifyCanUserUpdatePaymentMethod" time="78.458"/>
  <system-out/>
  <testcase classname="com.dentscribe.testCases_iOS.TestCreateUserBuyPaidPlanAndCancelPaidPlan" name="verifyCanUserBuyPaidPlanAgainAfterCancelOnce" time="6.281"/>
  <system-out/>
</testsuite> <!-- com.dentscribe.testCases_iOS.TestCreateUserBuyPaidPlanAndCancelPaidPlan -->
