<?xml version="1.0" encoding="UTF-8"?>
<!-- Generated by org.testng.reporters.JUnitReportReporter -->
<testsuite hostname="MCL-0048s-MacBook-Pro.local" failures="0" tests="6" name="com.dentscribe.testCases_iOS.TestCreateUserTakeFreePlanAndBuyPaidPlan" time="425.670" errors="0" timestamp="2023-12-22T16:41:24 IST" skipped="0">
  <testcase classname="com.dentscribe.testCases_iOS.TestCreateUserTakeFreePlanAndBuyPaidPlan" name="createNewUserAndGoToManageSubscriptionPage" time="345.036"/>
  <system-out/>
  <testcase classname="com.dentscribe.testCases_iOS.TestCreateUserTakeFreePlanAndBuyPaidPlan" name="verifyIsAddPaymentMethodExists" time="1.946"/>
  <system-out/>
  <testcase classname="com.dentscribe.testCases_iOS.TestCreateUserTakeFreePlanAndBuyPaidPlan" name="verifyAddPaymentMethodMandatoryFields" time="14.324"/>
  <system-out/>
  <testcase classname="com.dentscribe.testCases_iOS.TestCreateUserTakeFreePlanAndBuyPaidPlan" name="verifyBackIconAddPaymentMethodPage" time="1.536"/>
  <system-out/>
  <testcase classname="com.dentscribe.testCases_iOS.TestCreateUserTakeFreePlanAndBuyPaidPlan" name="verifyCanUserTake30DaysFreeTrialPlan" time="24.246"/>
  <system-out/>
  <testcase classname="com.dentscribe.testCases_iOS.TestCreateUserTakeFreePlanAndBuyPaidPlan" name="verifyCanUserBuyPaidPlanAfterFreeTrialPlan" time="38.582"/>
  <system-out/>
</testsuite> <!-- com.dentscribe.testCases_iOS.TestCreateUserTakeFreePlanAndBuyPaidPlan -->
