<?xml version="1.0" encoding="UTF-8"?>
<!-- Generated by org.testng.reporters.JUnitReportReporter -->
<testsuite hostname="MCL-0048s-MacBook-Pro.local" failures="0" tests="1" name="com.dentscribe.testCasesIOS.CancelSubscription" time="87.547" errors="0" timestamp="2023-11-28T11:55:56 IST" skipped="0">
  <testcase classname="com.dentscribe.testCasesIOS.CancelSubscription" name="cancelSubcribtion" time="87.547"/>
  <system-out/>
</testsuite> <!-- com.dentscribe.testCasesIOS.CancelSubscription -->
