<?xml version="1.0" encoding="UTF-8"?>
<!-- Generated by org.testng.reporters.JUnitReportReporter -->
<testsuite hostname="CPU-0190" failures="0" tests="1" name="rough.Trial" time="6.869" errors="0" timestamp="2023-09-21T17:18:24 IST" skipped="0">
  <testcase classname="rough.Trial" name="t" time="6.869"/>
  <system-out/>
</testsuite> <!-- rough.Trial -->
