<?xml version="1.0" encoding="UTF-8"?>
<!-- Generated by org.testng.reporters.JUnitReportReporter -->
<testsuite hostname="MCL-0048s-MacBook-Pro.local" failures="0" tests="3" name="com.dentscribe.testCasesIOS.DS_005_SignupThenLoginWithoutPracticeForm" time="85.208" errors="0" timestamp="2023-12-07T18:05:11 IST" skipped="0">
  <testcase classname="com.dentscribe.testCasesIOS.DS_005_SignupThenLoginWithoutPracticeForm" name="verifySignupWithNonSupportedPMS" time="48.089"/>
  <system-out/>
  <testcase classname="com.dentscribe.testCasesIOS.DS_005_SignupThenLoginWithoutPracticeForm" name="verifySignupWithSupportedPMSAndItsBackButton" time="5.703"/>
  <system-out/>
  <testcase classname="com.dentscribe.testCasesIOS.DS_005_SignupThenLoginWithoutPracticeForm" name="verifyLoginWithoutRegisterPractice" time="31.416"/>
  <system-out/>
</testsuite> <!-- com.dentscribe.testCasesIOS.DS_005_SignupThenLoginWithoutPracticeForm -->
