<?xml version="1.0" encoding="UTF-8"?>
<!-- Generated by org.testng.reporters.JUnitReportReporter -->
<testsuite hostname="CPU-0190" failures="0" tests="1" name="rough.Practice" time="2.914" errors="0" timestamp="2023-09-21T16:17:00 IST" skipped="0">
  <testcase classname="rough.Practice" name="testPost" time="2.914"/>
  <system-out/>
</testsuite> <!-- rough.Practice -->
