<?xml version="1.0" encoding="UTF-8"?>
<!-- Generated by org.testng.reporters.JUnitReportReporter -->
<testsuite hostname="CPU-0190" failures="0" tests="1" name="com.dentscribe.testCases.ChangePassword" time="56.974" errors="0" timestamp="2023-10-05T13:05:47 IST" skipped="0">
  <testcase classname="com.dentscribe.testCases.ChangePassword" name="changePassword" time="56.974"/>
  <system-out/>
</testsuite> <!-- com.dentscribe.testCases.ChangePassword -->
