<?xml version="1.0" encoding="UTF-8"?>
<!-- Generated by org.testng.reporters.JUnitReportReporter -->
<testsuite hostname="MCL-0048s-MacBook-Pro.local" failures="0" tests="6" name="com.dentscribe.testCases_iOS.TestSmsVerificationPageAfterLogin" time="79.372" errors="0" timestamp="2023-12-13T16:57:41 IST" skipped="0">
  <testcase classname="com.dentscribe.testCases_iOS.TestSmsVerificationPageAfterLogin" name="DS_010_verifyIsSmsVerificationPageExistsAfterLogin" time="12.292"/>
  <system-out/>
  <testcase classname="com.dentscribe.testCases_iOS.TestSmsVerificationPageAfterLogin" name="DS_011_verifySmsVerificationWithBlankOtp" time="1.224"/>
  <system-out/>
  <testcase classname="com.dentscribe.testCases_iOS.TestSmsVerificationPageAfterLogin" name="DS_012_verifySmsVerificationWithWrongOtp" time="13.661"/>
  <system-out/>
  <testcase classname="com.dentscribe.testCases_iOS.TestSmsVerificationPageAfterLogin" name="DS_013_verifySmsVerificationResendCodeLink" time="22.244"/>
  <system-out/>
  <testcase classname="com.dentscribe.testCases_iOS.TestSmsVerificationPageAfterLogin" name="DS_014_verifyWhetherSmsVerificationPageBackIconRedirectToLoginPage" time="1.236"/>
  <system-out/>
  <testcase classname="com.dentscribe.testCases_iOS.TestSmsVerificationPageAfterLogin" name="DS_015_verifySmsVerificationWithValidOtp" time="28.715"/>
  <system-out/>
</testsuite> <!-- com.dentscribe.testCases_iOS.TestSmsVerificationPageAfterLogin -->
