<?xml version="1.0" encoding="UTF-8"?>
<!-- Generated by org.testng.reporters.JUnitReportReporter -->
<testsuite hostname="CPU-0190" failures="0" tests="1" name="com.dentscribe.testCases.DS_003_VerifySignupPageMandatoryFields" time="111.389" errors="0" timestamp="2023-10-17T11:21:37 IST" skipped="0">
  <testcase classname="com.dentscribe.testCases.DS_003_VerifySignupPageMandatoryFields" name="verifyMandatoryFields" time="111.389"/>
  <system-out/>
</testsuite> <!-- com.dentscribe.testCases.DS_003_VerifySignupPageMandatoryFields -->
