<?xml version="1.0" encoding="UTF-8"?>
<!-- Generated by org.testng.reporters.JUnitReportReporter -->
<testsuite hostname="MCL-0048s-MacBook-Pro.local" failures="0" tests="6" name="com.dentscribe.testCases_iOS.TestSmsVerificationPageAfterLogin" time="83.853" errors="0" timestamp="2023-12-08T13:07:19 IST" skipped="0">
  <testcase classname="com.dentscribe.testCases_iOS.TestSmsVerificationPageAfterLogin" name="DS_010_verifyIsSmsVerificationPageExistsAfterLogin" time="13.432"/>
  <system-out/>
  <testcase classname="com.dentscribe.testCases_iOS.TestSmsVerificationPageAfterLogin" name="DS_011_verifySmsVerificationWithBlankOtp" time="1.288"/>
  <system-out/>
  <testcase classname="com.dentscribe.testCases_iOS.TestSmsVerificationPageAfterLogin" name="DS_012_verifySmsVerificationWithWrongOtp" time="13.868"/>
  <system-out/>
  <testcase classname="com.dentscribe.testCases_iOS.TestSmsVerificationPageAfterLogin" name="DS_013_verifySmsVerificationResendCodeLink" time="22.399"/>
  <system-out/>
  <testcase classname="com.dentscribe.testCases_iOS.TestSmsVerificationPageAfterLogin" name="DS_014_verifyWhetherSmsVerificationPageBackIconRedirectToLoginPage" time="1.233"/>
  <system-out/>
  <testcase classname="com.dentscribe.testCases_iOS.TestSmsVerificationPageAfterLogin" name="DS_015_verifySmsVerificationWithValidOtp" time="31.633"/>
  <system-out/>
</testsuite> <!-- com.dentscribe.testCases_iOS.TestSmsVerificationPageAfterLogin -->
