<?xml version="1.0" encoding="UTF-8"?>
<!-- Generated by org.testng.reporters.JUnitReportReporter -->
<testsuite hostname="CPU-0190" failures="0" tests="1" name="com.dentscribe.testCases.VerifySignupPageMandatoryFields" time="132.698" errors="0" timestamp="2023-10-05T13:40:09 IST" skipped="0">
  <testcase classname="com.dentscribe.testCases.VerifySignupPageMandatoryFields" name="verifyMandatoryFields" time="132.698"/>
  <system-out/>
</testsuite> <!-- com.dentscribe.testCases.VerifySignupPageMandatoryFields -->
