<?xml version="1.0" encoding="UTF-8"?>
<!-- Generated by org.testng.reporters.JUnitReportReporter -->
<testsuite hostname="MCL-0048s-MacBook-Pro.local" failures="0" tests="10" name="com.dentscribe.testCases_iOS.TestSettingsPage" time="144.813" errors="0" timestamp="2023-12-28T13:28:03 IST" skipped="0">
  <testcase classname="com.dentscribe.testCases_iOS.TestSettingsPage" name="verifyIsSettingsPageExists" time="37.342"/>
  <system-out/>
  <testcase classname="com.dentscribe.testCases_iOS.TestSettingsPage" name="verifyBackIconSettingsPage" time="20.932"/>
  <system-out/>
  <testcase classname="com.dentscribe.testCases_iOS.TestSettingsPage" name="verifyPushNotificationsSwitch" time="5.605"/>
  <system-out/>
  <testcase classname="com.dentscribe.testCases_iOS.TestSettingsPage" name="verifySmsNotificationsSwitch" time="5.658"/>
  <system-out/>
  <testcase classname="com.dentscribe.testCases_iOS.TestSettingsPage" name="verifyEmailNotificationsSwitch" time="5.668"/>
  <system-out/>
  <testcase classname="com.dentscribe.testCases_iOS.TestSettingsPage" name="verifyAccountInfoUpdate" time="17.887"/>
  <system-out/>
  <testcase classname="com.dentscribe.testCases_iOS.TestSettingsPage" name="verifyPracticeUpdate" time="31.348"/>
  <system-out/>
  <testcase classname="com.dentscribe.testCases_iOS.TestSettingsPage" name="verifyHelpOptionsSettingsPage" time="13.885"/>
  <system-out/>
  <testcase classname="com.dentscribe.testCases_iOS.TestSettingsPage" name="verifyFAQsInHelpPage" time="4.210"/>
  <system-out/>
  <testcase classname="com.dentscribe.testCases_iOS.TestSettingsPage" name="verifyLogout" time="2.278"/>
  <system-out/>
</testsuite> <!-- com.dentscribe.testCases_iOS.TestSettingsPage -->
