<?xml version="1.0" encoding="UTF-8"?>
<!-- Generated by org.testng.reporters.JUnitReportReporter -->
<testsuite hostname="MCL-0048s-MacBook-Pro.local" failures="0" tests="5" name="com.dentscribe.testCases_iOS.TestRecordingPauseContinueBackAndStop" time="227.062" errors="0" timestamp="2023-12-12T18:18:33 IST" skipped="0">
  <testcase classname="com.dentscribe.testCases_iOS.TestRecordingPauseContinueBackAndStop" name="verifyContinueButtonAfterPauseRecordingThroughPauseButton" time="107.180"/>
  <system-out/>
  <testcase classname="com.dentscribe.testCases_iOS.TestRecordingPauseContinueBackAndStop" name="verifyIsPatientPopupAppearingOnContinueButtonClick" time="9.795"/>
  <system-out/>
  <testcase classname="com.dentscribe.testCases_iOS.TestRecordingPauseContinueBackAndStop" name="verifyContinueRecordingButtonAndClick" time="24.143"/>
  <system-out/>
  <testcase classname="com.dentscribe.testCases_iOS.TestRecordingPauseContinueBackAndStop" name="verifyContinueButtonAfterPauseRecordingThroughBackIcon" time="4.540"/>
  <system-out/>
  <testcase classname="com.dentscribe.testCases_iOS.TestRecordingPauseContinueBackAndStop" name="verifyStopRecordingAfterContinueButtonClick" time="81.404"/>
  <system-out/>
</testsuite> <!-- com.dentscribe.testCases_iOS.TestRecordingPauseContinueBackAndStop -->
