<?xml version="1.0" encoding="UTF-8"?>
<!-- Generated by org.testng.reporters.JUnitReportReporter -->
<testsuite hostname="MCL-0048s-MacBook-Pro.local" failures="0" tests="5" name="com.dentscribe.testCases_iOS.TestSignupAndLoginWithoutRegisterPractice" time="92.538" errors="0" timestamp="2023-12-14T18:25:57 IST" skipped="0">
  <testcase classname="com.dentscribe.testCases_iOS.TestSignupAndLoginWithoutRegisterPractice" name="DS_028_verifySignupWithNonSupportedPMS" time="48.019"/>
  <system-out/>
  <testcase classname="com.dentscribe.testCases_iOS.TestSignupAndLoginWithoutRegisterPractice" name="DS_029_verifySignupWithSupportedPMS" time="3.100"/>
  <system-out/>
  <testcase classname="com.dentscribe.testCases_iOS.TestSignupAndLoginWithoutRegisterPractice" name="DS_030_verifyWishToContinuePopupBackButton" time="1.951"/>
  <system-out/>
  <testcase classname="com.dentscribe.testCases_iOS.TestSignupAndLoginWithoutRegisterPractice" name="DS_031_verifyPracticeInfoMandatoryFields" time="29.110"/>
  <system-out/>
  <testcase classname="com.dentscribe.testCases_iOS.TestSignupAndLoginWithoutRegisterPractice" name="DS_032_verifyLoginWithoutRegisterPractice" time="10.358"/>
  <system-out/>
</testsuite> <!-- com.dentscribe.testCases_iOS.TestSignupAndLoginWithoutRegisterPractice -->
