<?xml version="1.0" encoding="UTF-8"?>
<!-- Generated by org.testng.reporters.JUnitReportReporter -->
<testsuite hostname="MCL-0048s-MacBook-Pro.local" failures="0" tests="7" name="com.dentscribe.testCases_iOS.TestPatientSearchPage" time="151.086" errors="0" timestamp="2023-12-28T13:28:03 IST" skipped="0">
  <testcase classname="com.dentscribe.testCases_iOS.TestPatientSearchPage" name="verifySkipLinkTourPages" time="29.696"/>
  <system-out/>
  <testcase classname="com.dentscribe.testCases_iOS.TestPatientSearchPage" name="verifyIsPatientSearchPageExists" time="14.756"/>
  <system-out/>
  <testcase classname="com.dentscribe.testCases_iOS.TestPatientSearchPage" name="verifyPatientSearchByInvalidData" time="15.436"/>
  <system-out/>
  <testcase classname="com.dentscribe.testCases_iOS.TestPatientSearchPage" name="DS_042_verifyPatientSearchByPatientName" time="23.334"/>
  <system-out/>
  <testcase classname="com.dentscribe.testCases_iOS.TestPatientSearchPage" name="verifyPatientSearchByPatientPhoneNumber" time="21.556"/>
  <system-out/>
  <testcase classname="com.dentscribe.testCases_iOS.TestPatientSearchPage" name="verifyPatientSearchByPatientDOB" time="18.777"/>
  <system-out/>
  <testcase classname="com.dentscribe.testCases_iOS.TestPatientSearchPage" name="verifyPatientSearchByPatientInsurance" time="27.531"/>
  <system-out/>
</testsuite> <!-- com.dentscribe.testCases_iOS.TestPatientSearchPage -->
