<?xml version="1.0" encoding="UTF-8"?>
<!-- Generated by org.testng.reporters.JUnitReportReporter -->
<testsuite hostname="MCL-0048s-MacBook-Pro.local" failures="0" tests="1" name="Testing.IosTest" time="14.652" errors="0" timestamp="2023-11-02T11:58:34 IST" skipped="0">
  <testcase classname="Testing.IosTest" name="test" time="14.652"/>
  <system-out/>
</testsuite> <!-- Testing.IosTest -->
