<?xml version="1.0" encoding="UTF-8"?>
<!-- Generated by org.testng.reporters.JUnitReportReporter -->
<testsuite hostname="CPU-0190" failures="0" tests="1" name="org.dentscribe.androidTest.LoginTest" time="31.492" errors="0" timestamp="2023-09-13T15:56:58 IST" skipped="0">
  <testcase classname="org.dentscribe.androidTest.LoginTest" name="loginTest" time="31.492"/>
  <system-out/>
</testsuite> <!-- org.dentscribe.androidTest.LoginTest -->
