<?xml version="1.0" encoding="UTF-8"?>
<!-- Generated by org.testng.reporters.JUnitReportReporter -->
<testsuite hostname="MCL-0048s-MacBook-Pro.local" failures="0" tests="2" name="com.dentscribe.testCases_iOS.TestCreateSoapReportAndSubmit" time="177.289" errors="0" timestamp="2023-12-12T11:50:51 IST" skipped="0">
  <testcase classname="com.dentscribe.testCases_iOS.TestCreateSoapReportAndSubmit" name="goToCalendarPageAndSelectAppointmentsDate" time="59.538"/>
  <system-out/>
  <testcase classname="com.dentscribe.testCases_iOS.TestCreateSoapReportAndSubmit" name="verifyStartReviewReviewedButtons" time="117.751"/>
  <system-out/>
</testsuite> <!-- com.dentscribe.testCases_iOS.TestCreateSoapReportAndSubmit -->
