<?xml version="1.0" encoding="UTF-8"?>
<!-- Generated by org.testng.reporters.JUnitReportReporter -->
<testsuite hostname="MCL-0048s-MacBook-Pro.local" failures="0" tests="1" name="com.dentscribe.testCasesIOS.DS_006_010_013_014_015_ExisitingSikkaUserApplicationFlow" time="289.507" errors="0" timestamp="2023-11-28T14:06:09 IST" skipped="0">
  <testcase classname="com.dentscribe.testCasesIOS.DS_006_010_013_014_015_ExisitingSikkaUserApplicationFlow" name="signupTest" time="289.507"/>
  <system-out/>
</testsuite> <!-- com.dentscribe.testCasesIOS.DS_006_010_013_014_015_ExisitingSikkaUserApplicationFlow -->
