<?xml version="1.0" encoding="UTF-8"?>
<!-- Generated by org.testng.reporters.JUnitReportReporter -->
<testsuite hostname="MCL-0048s-MacBook-Pro.local" failures="0" tests="9" name="com.dentscribe.testCases_iOS.TestAllAppointmentStatuses" time="251.923" errors="0" timestamp="2023-12-28T13:28:03 IST" skipped="0">
  <testcase classname="com.dentscribe.testCases_iOS.TestAllAppointmentStatuses" name="goToCalendarPageAndSelectAppointmentsDate" time="63.533"/>
  <system-out/>
  <testcase classname="com.dentscribe.testCases_iOS.TestAllAppointmentStatuses" name="verifyIsPatientPopupAppearingOnStartButtonClick" time="14.343"/>
  <system-out/>
  <testcase classname="com.dentscribe.testCases_iOS.TestAllAppointmentStatuses" name="verifyStartRecordingButtonOnPatientDetailsPopupAndClick" time="22.140"/>
  <system-out/>
  <testcase classname="com.dentscribe.testCases_iOS.TestAllAppointmentStatuses" name="verifyIsAppointmentStatusContinueAfterPauseRecording" time="13.564"/>
  <system-out/>
  <testcase classname="com.dentscribe.testCases_iOS.TestAllAppointmentStatuses" name="verifyIsPatientPopupAppearingOnContinueButtonClick" time="9.539"/>
  <system-out/>
  <testcase classname="com.dentscribe.testCases_iOS.TestAllAppointmentStatuses" name="verifyContinueRecordingButtonOnPatientDetailsPopupAndClick" time="23.950"/>
  <system-out/>
  <testcase classname="com.dentscribe.testCases_iOS.TestAllAppointmentStatuses" name="verifyIsAppointmentStatusReviewAfterStopRecording" time="71.427"/>
  <system-out/>
  <testcase classname="com.dentscribe.testCases_iOS.TestAllAppointmentStatuses" name="addSignatureInSoapReportAndSubmit" time="20.246"/>
  <system-out/>
  <testcase classname="com.dentscribe.testCases_iOS.TestAllAppointmentStatuses" name="verifyIsAppointmentStatusReviewedAndSoapReportAfterClickIt" time="13.181"/>
  <system-out/>
</testsuite> <!-- com.dentscribe.testCases_iOS.TestAllAppointmentStatuses -->
