<?xml version="1.0" encoding="UTF-8"?>
<!-- Generated by org.testng.reporters.JUnitReportReporter -->
<testsuite hostname="MCL-0048s-MacBook-Pro.local" failures="0" tests="1" name="com.dentscribe.testCasesIOS.VerifyInvaliCardDetail" time="55.064" errors="0" timestamp="2023-12-01T17:35:46 IST" skipped="0">
  <testcase classname="com.dentscribe.testCasesIOS.VerifyInvaliCardDetail" name="signupSmokeTest" time="55.064"/>
  <system-out/>
</testsuite> <!-- com.dentscribe.testCasesIOS.VerifyInvaliCardDetail -->
