<?xml version="1.0" encoding="UTF-8"?>
<!-- Generated by org.testng.reporters.JUnitReportReporter -->
<testsuite hostname="MCL-0048s-MacBook-Pro.local" failures="0" tests="6" name="com.dentscribe.testCasesIOS.SignUpFieldsValidationTest" time="110.991" errors="0" timestamp="2023-12-01T17:35:46 IST" skipped="0">
  <testcase classname="com.dentscribe.testCasesIOS.SignUpFieldsValidationTest" name="verifyMandatoryFields" time="19.474"/>
  <system-out/>
  <testcase classname="com.dentscribe.testCasesIOS.SignUpFieldsValidationTest" name="verifyInvalidEmail" time="9.023"/>
  <system-out/>
  <testcase classname="com.dentscribe.testCasesIOS.SignUpFieldsValidationTest" name="verifyWeakPassword" time="7.993"/>
  <system-out/>
  <testcase classname="com.dentscribe.testCasesIOS.SignUpFieldsValidationTest" name="verifyExistingEmailId" time="47.891"/>
  <system-out/>
  <testcase classname="com.dentscribe.testCasesIOS.SignUpFieldsValidationTest" name="verifyConfirPassowrdMatch" time="12.731"/>
  <system-out/>
  <testcase classname="com.dentscribe.testCasesIOS.SignUpFieldsValidationTest" name="verifyAccuntCreationByMandatoryFields" time="13.879"/>
  <system-out/>
</testsuite> <!-- com.dentscribe.testCasesIOS.SignUpFieldsValidationTest -->
