<?xml version="1.0" encoding="UTF-8"?>
<!-- Generated by org.testng.reporters.JUnitReportReporter -->
<testsuite hostname="CPU-0190" failures="0" tests="1" name="com.dentscribe.testCases.DS_017_SearchPatientTest" time="68.873" errors="0" timestamp="2023-10-17T11:21:37 IST" skipped="0">
  <testcase classname="com.dentscribe.testCases.DS_017_SearchPatientTest" name="searchPatient" time="68.873"/>
  <system-out/>
</testsuite> <!-- com.dentscribe.testCases.DS_017_SearchPatientTest -->
