<?xml version="1.0" encoding="UTF-8"?>
<!-- Generated by org.testng.reporters.JUnitReportReporter -->
<testsuite hostname="MCL-0048s-MacBook-Pro.local" failures="0" tests="6" name="com.dentscribe.testCases_iOS.TestSmsVerificationPageAfterSignup" time="108.647" errors="0" timestamp="2023-12-08T15:16:24 IST" skipped="0">
  <testcase classname="com.dentscribe.testCases_iOS.TestSmsVerificationPageAfterSignup" name="DS_024_verifyIsSmsVerificationPageExistsAfterSignup" time="48.767"/>
  <system-out/>
  <testcase classname="com.dentscribe.testCases_iOS.TestSmsVerificationPageAfterSignup" name="DS_025_verifySmsVerificationWithBlankOtp" time="1.246"/>
  <system-out/>
  <testcase classname="com.dentscribe.testCases_iOS.TestSmsVerificationPageAfterSignup" name="DS_026_verifySmsVerificationWithWrongOtp" time="13.799"/>
  <system-out/>
  <testcase classname="com.dentscribe.testCases_iOS.TestSmsVerificationPageAfterSignup" name="DS_027_verifySmsVerificationResendCodeLink" time="22.361"/>
  <system-out/>
  <testcase classname="com.dentscribe.testCases_iOS.TestSmsVerificationPageAfterSignup" name="DS_027_verifyWhetherSmsVerificationPageBackIconRedirectToSignupPage" time="1.254"/>
  <system-out/>
  <testcase classname="com.dentscribe.testCases_iOS.TestSmsVerificationPageAfterSignup" name="DS_028_verifySmsVerificationWithValidOtp" time="21.220"/>
  <system-out/>
</testsuite> <!-- com.dentscribe.testCases_iOS.TestSmsVerificationPageAfterSignup -->
