<?xml version="1.0" encoding="UTF-8"?>
<!-- Generated by org.testng.reporters.JUnitReportReporter -->
<testsuite hostname="MCL-0048s-MacBook-Pro.local" failures="0" tests="7" name="com.dentscribe.testCases_iOS.TestFeedbackAndNewFeedbackPages" time="63.884" errors="0" timestamp="2024-01-04T18:44:46 IST" skipped="0">
  <testcase classname="com.dentscribe.testCases_iOS.TestFeedbackAndNewFeedbackPages" name="verifyIsFeedbackPageExists" time="38.540"/>
  <system-out/>
  <testcase classname="com.dentscribe.testCases_iOS.TestFeedbackAndNewFeedbackPages" name="verifyIsExpectedFieldsExistsOnFeedbackPage" time="0.364"/>
  <system-out/>
  <testcase classname="com.dentscribe.testCases_iOS.TestFeedbackAndNewFeedbackPages" name="verifyIsNewFeedbackPageExists" time="1.113"/>
  <system-out/>
  <testcase classname="com.dentscribe.testCases_iOS.TestFeedbackAndNewFeedbackPages" name="verifyIsExpectedFieldsExistsOnNewFeedbackPage" time="0.978"/>
  <system-out/>
  <testcase classname="com.dentscribe.testCases_iOS.TestFeedbackAndNewFeedbackPages" name="verifyBackIconNewFeedbackPage" time="1.066"/>
  <system-out/>
  <testcase classname="com.dentscribe.testCases_iOS.TestFeedbackAndNewFeedbackPages" name="createNewFeedbackAndVerify" time="20.077"/>
  <system-out/>
  <testcase classname="com.dentscribe.testCases_iOS.TestFeedbackAndNewFeedbackPages" name="verifyBackIconFeedbackPage" time="1.746"/>
  <system-out/>
</testsuite> <!-- com.dentscribe.testCases_iOS.TestFeedbackAndNewFeedbackPages -->
