<?xml version="1.0" encoding="UTF-8"?>
<!-- Generated by org.testng.reporters.JUnitReportReporter -->
<testsuite hostname="MCL-0048s-MacBook-Pro.local" failures="0" tests="1" name="com.dentscribe.testCases_iOS.TestRecordingfor30mintsAndGenerateSoapReport" time="1989.339" errors="0" timestamp="2023-12-28T13:28:03 IST" skipped="0">
  <testcase classname="com.dentscribe.testCases_iOS.TestRecordingfor30mintsAndGenerateSoapReport" name="verifyWhetherSoapReportCreatedFor30mintsRecording" time="1989.339"/>
  <system-out/>
</testsuite> <!-- com.dentscribe.testCases_iOS.TestRecordingfor30mintsAndGenerateSoapReport -->
