<?xml version="1.0" encoding="UTF-8"?>
<!-- Generated by org.testng.reporters.JUnitReportReporter -->
<testsuite hostname="MCL-0048s-MacBook-Pro.local" failures="0" tests="1" name="com.dentscribe.testCasesIOS.DS_005_SignupUserTest" time="84.776" errors="0" timestamp="2023-11-24T18:25:53 IST" skipped="0">
  <testcase classname="com.dentscribe.testCasesIOS.DS_005_SignupUserTest" name="signupWithoutPracticeForm" time="84.776"/>
  <system-out/>
</testsuite> <!-- com.dentscribe.testCasesIOS.DS_005_SignupUserTest -->
