<?xml version="1.0" encoding="UTF-8"?>
<!-- Generated by org.testng.reporters.JUnitReportReporter -->
<testsuite hostname="CPU-0190" failures="0" tests="1" name="Testing.Demo" time="6.454" errors="0" timestamp="2023-10-05T17:49:40 IST" skipped="0">
  <testcase classname="Testing.Demo" name="testing" time="6.454"/>
  <system-out/>
</testsuite> <!-- Testing.Demo -->
