<?xml version="1.0" encoding="UTF-8"?>
<!-- Generated by org.testng.reporters.JUnitReportReporter -->
<testsuite hostname="MCL-0048s-MacBook-Pro.local" failures="0" tests="6" name="com.dentscribe.testCases_iOS.LoginPageTest" time="50.376" errors="0" timestamp="2023-12-08T12:55:16 IST" skipped="0">
  <testcase classname="com.dentscribe.testCases_iOS.LoginPageTest" name="DS_001_verifyIsLoginPageExistsAndItsFields" time="1.156"/>
  <system-out/>
  <testcase classname="com.dentscribe.testCases_iOS.LoginPageTest" name="DS_002_verifyLoginWithoutMandatoryFields" time="1.033"/>
  <system-out/>
  <testcase classname="com.dentscribe.testCases_iOS.LoginPageTest" name="DS_003_verifyLoginWithNonExistingUser" time="10.406"/>
  <system-out/>
  <testcase classname="com.dentscribe.testCases_iOS.LoginPageTest" name="DS_004_verifyLoginWithInvalidPassword" time="10.144"/>
  <system-out/>
  <testcase classname="com.dentscribe.testCases_iOS.LoginPageTest" name="DS_005_verifyLoginWithThreeInvalidAttempts" time="13.661"/>
  <system-out/>
  <testcase classname="com.dentscribe.testCases_iOS.LoginPageTest" name="DS_006_verifyLoginWithValidCredentials" time="13.976"/>
  <system-out/>
</testsuite> <!-- com.dentscribe.testCases_iOS.LoginPageTest -->
