<?xml version="1.0" encoding="UTF-8"?>
<!-- Generated by org.testng.reporters.JUnitReportReporter -->
<testsuite hostname="CPU-0190" failures="0" tests="3" name="com.dentscribe.testCases.SettingPageTest" time="67.273" errors="0" timestamp="2023-10-05T12:59:54 IST" skipped="0">
  <testcase classname="com.dentscribe.testCases.SettingPageTest" name="verifyHelpOptions" time="5.140"/>
  <system-out/>
  <testcase classname="com.dentscribe.testCases.SettingPageTest" name="validateNotificationTest" time="18.118"/>
  <system-out/>
  <testcase classname="com.dentscribe.testCases.SettingPageTest" name="updateAccountAndPracticeInfo" time="44.015"/>
  <system-out/>
</testsuite> <!-- com.dentscribe.testCases.SettingPageTest -->
