<?xml version="1.0" encoding="UTF-8"?>
<!-- Generated by org.testng.reporters.JUnitReportReporter -->
<testsuite hostname="MCL-0048s-MacBook-Pro.local" failures="0" tests="1" name="com.dentscribe.testCasesIOS.ForgotPassowrdTest" time="8.375" errors="0" timestamp="2023-12-01T12:22:38 IST" skipped="0">
  <testcase classname="com.dentscribe.testCasesIOS.ForgotPassowrdTest" name="verityForgotPassword" time="8.375"/>
  <system-out/>
</testsuite> <!-- com.dentscribe.testCasesIOS.ForgotPassowrdTest -->
