<?xml version="1.0" encoding="UTF-8"?>
<!-- Generated by org.testng.reporters.JUnitReportReporter -->
<testsuite hostname="MCL-0048s-MacBook-Pro.local" failures="0" tests="7" name="com.dentscribe.testCases_iOS.TestPatientSearchPage" time="154.051" errors="0" timestamp="2023-12-22T16:41:24 IST" skipped="0">
  <testcase classname="com.dentscribe.testCases_iOS.TestPatientSearchPage" name="DS_039_verifySkipLinkTourPages" time="29.754"/>
  <system-out/>
  <testcase classname="com.dentscribe.testCases_iOS.TestPatientSearchPage" name="DS_040_verifyIsPatientSearchPageExists" time="15.296"/>
  <system-out/>
  <testcase classname="com.dentscribe.testCases_iOS.TestPatientSearchPage" name="DS_041_verifyPatientSearchByInvalidData" time="15.472"/>
  <system-out/>
  <testcase classname="com.dentscribe.testCases_iOS.TestPatientSearchPage" name="DS_042_verifyPatientSearchByPatientName" time="22.810"/>
  <system-out/>
  <testcase classname="com.dentscribe.testCases_iOS.TestPatientSearchPage" name="DS_043_verifyPatientSearchByPatientPhoneNumber" time="26.516"/>
  <system-out/>
  <testcase classname="com.dentscribe.testCases_iOS.TestPatientSearchPage" name="DS_044_verifyPatientSearchByPatientDOB" time="23.507"/>
  <system-out/>
  <testcase classname="com.dentscribe.testCases_iOS.TestPatientSearchPage" name="DS_045_verifyPatientSearchByPatientInsurance" time="20.696"/>
  <system-out/>
</testsuite> <!-- com.dentscribe.testCases_iOS.TestPatientSearchPage -->
