<?xml version="1.0" encoding="UTF-8"?>
<!-- Generated by org.testng.reporters.JUnitReportReporter -->
<testsuite hostname="MCL-0048s-MacBook-Pro.local" failures="0" tests="9" name="com.dentscribe.testCases_iOS.TestSoapReportAndPatientProfilePage" time="304.676" errors="0" timestamp="2023-12-21T18:21:21 IST" skipped="0">
  <testcase classname="com.dentscribe.testCases_iOS.TestSoapReportAndPatientProfilePage" name="verifyIsRecordingPageOpenedForExpectedPatient" time="103.184"/>
  <system-out/>
  <testcase classname="com.dentscribe.testCases_iOS.TestSoapReportAndPatientProfilePage" name="verifyBackIconRecordingPage" time="5.863"/>
  <system-out/>
  <testcase classname="com.dentscribe.testCases_iOS.TestSoapReportAndPatientProfilePage" name="verifyIsSoapReportCreated" time="70.973"/>
  <system-out/>
  <testcase classname="com.dentscribe.testCases_iOS.TestSoapReportAndPatientProfilePage" name="verifyEditIconSoapReport" time="0.717"/>
  <system-out/>
  <testcase classname="com.dentscribe.testCases_iOS.TestSoapReportAndPatientProfilePage" name="verifyEditSoapReportAndAddSignatureDuringEditableReport" time="2.041"/>
  <system-out/>
  <testcase classname="com.dentscribe.testCases_iOS.TestSoapReportAndPatientProfilePage" name="updateUserDetailsAndVerifySame" time="24.363"/>
  <system-out/>
  <testcase classname="com.dentscribe.testCases_iOS.TestSoapReportAndPatientProfilePage" name="verifyBackIconSoapReportAndReviewedButtonForAppointment" time="13.469"/>
  <system-out/>
  <testcase classname="com.dentscribe.testCases_iOS.TestSoapReportAndPatientProfilePage" name="verifyPatientProfilePage" time="70.130"/>
  <system-out/>
  <testcase classname="com.dentscribe.testCases_iOS.TestSoapReportAndPatientProfilePage" name="verifyBackIconPatientProfilePage" time="13.936"/>
  <system-out/>
</testsuite> <!-- com.dentscribe.testCases_iOS.TestSoapReportAndPatientProfilePage -->
