<?xml version="1.0" encoding="UTF-8"?>
<!-- Generated by org.testng.reporters.JUnitReportReporter -->
<testsuite hostname="MCL-0048s-MacBook-Pro.local" failures="0" tests="5" name="com.dentscribe.testCases_iOS.TestSignupAndLoginWithoutRegisterPractice" time="93.083" errors="0" timestamp="2023-12-13T16:57:41 IST" skipped="0">
  <testcase classname="com.dentscribe.testCases_iOS.TestSignupAndLoginWithoutRegisterPractice" name="DS_028_verifySignupWithNonSupportedPMS" time="48.370"/>
  <system-out/>
  <testcase classname="com.dentscribe.testCases_iOS.TestSignupAndLoginWithoutRegisterPractice" name="DS_029_verifySignupWithSupportedPMS" time="3.124"/>
  <system-out/>
  <testcase classname="com.dentscribe.testCases_iOS.TestSignupAndLoginWithoutRegisterPractice" name="DS_030_verifyWishToContinuePopupBackButton" time="1.898"/>
  <system-out/>
  <testcase classname="com.dentscribe.testCases_iOS.TestSignupAndLoginWithoutRegisterPractice" name="DS_031_verifyPracticeInfoMandatoryFields" time="29.189"/>
  <system-out/>
  <testcase classname="com.dentscribe.testCases_iOS.TestSignupAndLoginWithoutRegisterPractice" name="DS_032_verifyLoginWithoutRegisterPractice" time="10.502"/>
  <system-out/>
</testsuite> <!-- com.dentscribe.testCases_iOS.TestSignupAndLoginWithoutRegisterPractice -->
