<?xml version="1.0" encoding="UTF-8"?>
<!-- Generated by org.testng.reporters.JUnitReportReporter -->
<testsuite hostname="MCL-0048s-MacBook-Pro.local" failures="0" tests="6" name="com.dentscribe.testCases_iOS.TestLoginPage" time="49.024" errors="0" timestamp="2023-12-19T13:31:31 IST" skipped="0">
  <testcase classname="com.dentscribe.testCases_iOS.TestLoginPage" name="DS_004_verifyIsLoginPageExistsAndItsFields" time="1.179"/>
  <system-out/>
  <testcase classname="com.dentscribe.testCases_iOS.TestLoginPage" name="DS_005_verifyLoginWithoutMandatoryFields" time="0.975"/>
  <system-out/>
  <testcase classname="com.dentscribe.testCases_iOS.TestLoginPage" name="DS_006_verifyLoginWithNonExistingUser" time="9.463"/>
  <system-out/>
  <testcase classname="com.dentscribe.testCases_iOS.TestLoginPage" name="DS_007_verifyLoginWithInvalidPassword" time="10.081"/>
  <system-out/>
  <testcase classname="com.dentscribe.testCases_iOS.TestLoginPage" name="DS_008_verifyLoginWithThreeInvalidAttempts" time="13.965"/>
  <system-out/>
  <testcase classname="com.dentscribe.testCases_iOS.TestLoginPage" name="DS_009_verifyLoginWithValidCredentials" time="13.361"/>
  <system-out/>
</testsuite> <!-- com.dentscribe.testCases_iOS.TestLoginPage -->
