<?xml version="1.0" encoding="UTF-8"?>
<!-- Generated by org.testng.reporters.JUnitReportReporter -->
<testsuite hostname="MCL-0048s-MacBook-Pro.local" failures="0" tests="1" name="com.dentscribe.testCasesIOS.UserBlockUnblockTest" time="21.615" errors="0" timestamp="2023-12-01T23:27:57 IST" skipped="0">
  <testcase classname="com.dentscribe.testCasesIOS.UserBlockUnblockTest" name="userBlockUnblock" time="21.615"/>
  <system-out/>
</testsuite> <!-- com.dentscribe.testCasesIOS.UserBlockUnblockTest -->
