<?xml version="1.0" encoding="UTF-8"?>
<!-- Generated by org.testng.reporters.JUnitReportReporter -->
<testsuite hostname="MCL-0048s-MacBook-Pro.local" failures="0" tests="9" name="com.dentscribe.testCases_iOS.TestSoapReportAndPatientProfilePage" time="288.225" errors="0" timestamp="2023-12-28T13:28:03 IST" skipped="0">
  <testcase classname="com.dentscribe.testCases_iOS.TestSoapReportAndPatientProfilePage" name="verifyIsRecordingPageOpenedForExpectedPatient" time="115.003"/>
  <system-out/>
  <testcase classname="com.dentscribe.testCases_iOS.TestSoapReportAndPatientProfilePage" name="verifyBackIconRecordingPage" time="6.217"/>
  <system-out/>
  <testcase classname="com.dentscribe.testCases_iOS.TestSoapReportAndPatientProfilePage" name="verifyIsSoapReportCreated" time="62.782"/>
  <system-out/>
  <testcase classname="com.dentscribe.testCases_iOS.TestSoapReportAndPatientProfilePage" name="verifyEditIconSoapReport" time="0.724"/>
  <system-out/>
  <testcase classname="com.dentscribe.testCases_iOS.TestSoapReportAndPatientProfilePage" name="verifyEditSoapReportAndAddSignatureDuringEditableReport" time="1.965"/>
  <system-out/>
  <testcase classname="com.dentscribe.testCases_iOS.TestSoapReportAndPatientProfilePage" name="updateUserDetailsAndVerifySame" time="22.843"/>
  <system-out/>
  <testcase classname="com.dentscribe.testCases_iOS.TestSoapReportAndPatientProfilePage" name="verifyBackIconSoapReportAndReviewedButtonForAppointment" time="13.468"/>
  <system-out/>
  <testcase classname="com.dentscribe.testCases_iOS.TestSoapReportAndPatientProfilePage" name="verifyPatientProfilePage" time="51.130"/>
  <system-out/>
  <testcase classname="com.dentscribe.testCases_iOS.TestSoapReportAndPatientProfilePage" name="verifyBackIconPatientProfilePage" time="14.093"/>
  <system-out/>
</testsuite> <!-- com.dentscribe.testCases_iOS.TestSoapReportAndPatientProfilePage -->
