<?xml version="1.0" encoding="UTF-8"?>
<!-- Generated by org.testng.reporters.JUnitReportReporter -->
<testsuite hostname="MCL-0048s-MacBook-Pro.local" failures="0" tests="5" name="com.dentscribe.testCases_iOS.TestSignupAndLoginWithoutRegisterPractice" time="93.193" errors="0" timestamp="2024-01-04T18:44:46 IST" skipped="0">
  <testcase classname="com.dentscribe.testCases_iOS.TestSignupAndLoginWithoutRegisterPractice" name="verifySignupWithNonSupportedPMS" time="48.106"/>
  <system-out/>
  <testcase classname="com.dentscribe.testCases_iOS.TestSignupAndLoginWithoutRegisterPractice" name="verifySignupWithSupportedPMS" time="3.300"/>
  <system-out/>
  <testcase classname="com.dentscribe.testCases_iOS.TestSignupAndLoginWithoutRegisterPractice" name="verifyWishToContinuePopupBackButton" time="1.927"/>
  <system-out/>
  <testcase classname="com.dentscribe.testCases_iOS.TestSignupAndLoginWithoutRegisterPractice" name="verifyPracticeInfoMandatoryFields" time="29.400"/>
  <system-out/>
  <testcase classname="com.dentscribe.testCases_iOS.TestSignupAndLoginWithoutRegisterPractice" name="verifyLoginWithoutRegisterPractice" time="10.460"/>
  <system-out/>
</testsuite> <!-- com.dentscribe.testCases_iOS.TestSignupAndLoginWithoutRegisterPractice -->
