<?xml version="1.0" encoding="UTF-8"?>
<!-- Generated by org.testng.reporters.JUnitReportReporter -->
<testsuite hostname="MCL-0048s-MacBook-Pro.local" failures="0" tests="1" name="com.dentscribe.testCasesIOS.TestApplicationFlow" time="158.500" errors="0" timestamp="2023-11-16T19:04:27 IST" skipped="0">
  <testcase classname="com.dentscribe.testCasesIOS.TestApplicationFlow" name="applicationSanityTest" time="158.500"/>
  <system-out/>
</testsuite> <!-- com.dentscribe.testCasesIOS.TestApplicationFlow -->
