<?xml version="1.0" encoding="UTF-8"?>
<!-- Generated by org.testng.reporters.JUnitReportReporter -->
<testsuite hostname="MCL-0048s-MacBook-Pro.local" failures="0" tests="8" name="com.dentscribe.testCases_iOS.TestSignUpPage" time="116.979" errors="0" timestamp="2023-12-22T16:41:24 IST" skipped="0">
  <testcase classname="com.dentscribe.testCases_iOS.TestSignUpPage" name="DS_016_verifyIsSignupPageExists" time="1.223"/>
  <system-out/>
  <testcase classname="com.dentscribe.testCases_iOS.TestSignUpPage" name="DS_017_verifySignupWithoutMandatoryFields" time="19.078"/>
  <system-out/>
  <testcase classname="com.dentscribe.testCases_iOS.TestSignUpPage" name="DS_018_verifySignupPageForInvalidEmail" time="9.225"/>
  <system-out/>
  <testcase classname="com.dentscribe.testCases_iOS.TestSignUpPage" name="DS_019_verifySignupPageForWeakPassword" time="8.098"/>
  <system-out/>
  <testcase classname="com.dentscribe.testCases_iOS.TestSignUpPage" name="DS_020_verifySignupPageForConfirPassowrd" time="12.816"/>
  <system-out/>
  <testcase classname="com.dentscribe.testCases_iOS.TestSignUpPage" name="DS_021_verifyExistingAndDuplicateEmailId" time="50.998"/>
  <system-out/>
  <testcase classname="com.dentscribe.testCases_iOS.TestSignUpPage" name="DS_022_verifySignupWithOnlyMandatoryFields" time="9.938"/>
  <system-out/>
  <testcase classname="com.dentscribe.testCases_iOS.TestSignUpPage" name="DS_023_verifySignupConfirmationPopupButtons" time="5.603"/>
  <system-out/>
</testsuite> <!-- com.dentscribe.testCases_iOS.TestSignUpPage -->
