<?xml version="1.0" encoding="UTF-8"?>
<!-- Generated by org.testng.reporters.JUnitReportReporter -->
<testsuite hostname="MCL-0048s-MacBook-Pro.local" failures="0" tests="9" name="com.dentscribe.testCases_iOS.TestSettingsPage" time="138.627" errors="0" timestamp="2023-12-13T16:57:41 IST" skipped="0">
  <testcase classname="com.dentscribe.testCases_iOS.TestSettingsPage" name="verifyIsSettingsPageExists" time="37.694"/>
  <system-out/>
  <testcase classname="com.dentscribe.testCases_iOS.TestSettingsPage" name="verifyBackIconSettingsPage" time="20.950"/>
  <system-out/>
  <testcase classname="com.dentscribe.testCases_iOS.TestSettingsPage" name="verifyHelpOptionsSettingsPage" time="4.769"/>
  <system-out/>
  <testcase classname="com.dentscribe.testCases_iOS.TestSettingsPage" name="verifyPushNotificationsSwitch" time="5.573"/>
  <system-out/>
  <testcase classname="com.dentscribe.testCases_iOS.TestSettingsPage" name="verifySmsNotificationsSwitch" time="2.399"/>
  <system-out/>
  <testcase classname="com.dentscribe.testCases_iOS.TestSettingsPage" name="verifyEmailNotificationsSwitch" time="5.573"/>
  <system-out/>
  <testcase classname="com.dentscribe.testCases_iOS.TestSettingsPage" name="verifyAccountInfoUpdate" time="23.451"/>
  <system-out/>
  <testcase classname="com.dentscribe.testCases_iOS.TestSettingsPage" name="verifyPracticeUpdate" time="27.355"/>
  <system-out/>
  <testcase classname="com.dentscribe.testCases_iOS.TestSettingsPage" name="verifyLogout" time="10.863"/>
  <system-out/>
</testsuite> <!-- com.dentscribe.testCases_iOS.TestSettingsPage -->
