<?xml version="1.0" encoding="UTF-8"?>
<!-- Generated by org.testng.reporters.JUnitReportReporter -->
<testsuite hostname="CPU-0190" failures="0" tests="2" name="com.dentscribe.testCases.DS_006_ExisitingSikkaUserApplicationFlow" time="378.536" errors="0" timestamp="2023-10-05T17:35:29 IST" skipped="0">
  <testcase classname="com.dentscribe.testCases.DS_006_ExisitingSikkaUserApplicationFlow" name="signupTest" time="295.608"/>
  <system-out/>
  <testcase classname="com.dentscribe.testCases.DS_006_ExisitingSikkaUserApplicationFlow" name="manageSubscription" time="82.928"/>
  <system-out/>
</testsuite> <!-- com.dentscribe.testCases.DS_006_ExisitingSikkaUserApplicationFlow -->
