<?xml version="1.0" encoding="UTF-8"?>
<!-- Generated by org.testng.reporters.JUnitReportReporter -->
<testsuite hostname="MCL-0048s-MacBook-Pro.local" failures="0" tests="6" name="com.dentscribe.testCases_iOS.TestSmsVerificationPageAfterSignup" time="108.543" errors="0" timestamp="2023-12-22T16:41:24 IST" skipped="0">
  <testcase classname="com.dentscribe.testCases_iOS.TestSmsVerificationPageAfterSignup" name="DS_024_verifyIsSmsVerificationPageExistsAfterSignup" time="49.779"/>
  <system-out/>
  <testcase classname="com.dentscribe.testCases_iOS.TestSmsVerificationPageAfterSignup" name="DS_025_verifySmsVerificationWithBlankOtp" time="1.326"/>
  <system-out/>
  <testcase classname="com.dentscribe.testCases_iOS.TestSmsVerificationPageAfterSignup" name="DS_026_verifySmsVerificationWithWrongOtp" time="13.757"/>
  <system-out/>
  <testcase classname="com.dentscribe.testCases_iOS.TestSmsVerificationPageAfterSignup" name="DS_027_verifySmsVerificationResendCodeLink" time="21.718"/>
  <system-out/>
  <testcase classname="com.dentscribe.testCases_iOS.TestSmsVerificationPageAfterSignup" name="DS_027_verifyWhetherSmsVerificationPageBackIconRedirectToSignupPage" time="1.313"/>
  <system-out/>
  <testcase classname="com.dentscribe.testCases_iOS.TestSmsVerificationPageAfterSignup" name="DS_028_verifySmsVerificationWithValidOtp" time="20.650"/>
  <system-out/>
</testsuite> <!-- com.dentscribe.testCases_iOS.TestSmsVerificationPageAfterSignup -->
