<?xml version="1.0" encoding="UTF-8"?>
<!-- Generated by org.testng.reporters.JUnitReportReporter -->
<testsuite hostname="MCL-0048s-MacBook-Pro.local" failures="0" tests="3" name="com.dentscribe.testCases_iOS.TestChangePassword" time="76.670" errors="0" timestamp="2023-12-14T18:25:57 IST" skipped="0">
  <testcase classname="com.dentscribe.testCases_iOS.TestChangePassword" name="verifyChangePasswordFromSettingsPage" time="52.963"/>
  <system-out/>
  <testcase classname="com.dentscribe.testCases_iOS.TestChangePassword" name="verifyUserShouldNotLoginFromOldPassword" time="9.063"/>
  <system-out/>
  <testcase classname="com.dentscribe.testCases_iOS.TestChangePassword" name="verifyUserShouldLoginFromNewChangedPassword" time="14.644"/>
  <system-out/>
</testsuite> <!-- com.dentscribe.testCases_iOS.TestChangePassword -->
