<?xml version="1.0" encoding="UTF-8"?>
<!-- Generated by org.testng.reporters.JUnitReportReporter -->
<testsuite hostname="MCL-0048s-MacBook-Pro.local" failures="0" tests="6" name="com.dentscribe.testCases_iOS.TestLoginPage" time="51.615" errors="0" timestamp="2023-12-13T16:57:41 IST" skipped="0">
  <testcase classname="com.dentscribe.testCases_iOS.TestLoginPage" name="DS_004_verifyIsLoginPageExistsAndItsFields" time="1.287"/>
  <system-out/>
  <testcase classname="com.dentscribe.testCases_iOS.TestLoginPage" name="DS_005_verifyLoginWithoutMandatoryFields" time="0.967"/>
  <system-out/>
  <testcase classname="com.dentscribe.testCases_iOS.TestLoginPage" name="DS_006_verifyLoginWithNonExistingUser" time="10.166"/>
  <system-out/>
  <testcase classname="com.dentscribe.testCases_iOS.TestLoginPage" name="DS_007_verifyLoginWithInvalidPassword" time="10.103"/>
  <system-out/>
  <testcase classname="com.dentscribe.testCases_iOS.TestLoginPage" name="DS_008_verifyLoginWithThreeInvalidAttempts" time="14.217"/>
  <system-out/>
  <testcase classname="com.dentscribe.testCases_iOS.TestLoginPage" name="DS_009_verifyLoginWithValidCredentials" time="14.875"/>
  <system-out/>
</testsuite> <!-- com.dentscribe.testCases_iOS.TestLoginPage -->
