<?xml version="1.0" encoding="UTF-8"?>
<!-- Generated by org.testng.reporters.JUnitReportReporter -->
<testsuite hostname="MCL-0048s-MacBook-Pro.local" failures="0" tests="5" name="com.dentscribe.testCases_iOS.TestCreateUserTakeFreePlanAndBuyPaidPlan" time="420.283" errors="0" timestamp="2023-12-11T16:24:05 IST" skipped="0">
  <testcase classname="com.dentscribe.testCases_iOS.TestCreateUserTakeFreePlanAndBuyPaidPlan" name="createNewUserAndGoToManageSubscriptionPage" time="341.077"/>
  <system-out/>
  <testcase classname="com.dentscribe.testCases_iOS.TestCreateUserTakeFreePlanAndBuyPaidPlan" name="verifyAddPaymentMethodMandatoryFields" time="15.721"/>
  <system-out/>
  <testcase classname="com.dentscribe.testCases_iOS.TestCreateUserTakeFreePlanAndBuyPaidPlan" name="verifyAddPaymentMethodBackIcon" time="1.424"/>
  <system-out/>
  <testcase classname="com.dentscribe.testCases_iOS.TestCreateUserTakeFreePlanAndBuyPaidPlan" name="verifyCanUserTake30DaysFreeTrialPlan" time="23.973"/>
  <system-out/>
  <testcase classname="com.dentscribe.testCases_iOS.TestCreateUserTakeFreePlanAndBuyPaidPlan" name="verifyCanUserBuyPaidPlanAfterFreeTrialPlan" time="38.088"/>
  <system-out/>
</testsuite> <!-- com.dentscribe.testCases_iOS.TestCreateUserTakeFreePlanAndBuyPaidPlan -->
