<?xml version="1.0" encoding="UTF-8"?>
<!-- Generated by org.testng.reporters.JUnitReportReporter -->
<testsuite hostname="MCL-0048s-MacBook-Pro.local" failures="0" tests="6" name="com.dentscribe.testCases_iOS.TestSmsVerificationPageAfterSignup" time="107.768" errors="0" timestamp="2023-12-13T16:57:41 IST" skipped="0">
  <testcase classname="com.dentscribe.testCases_iOS.TestSmsVerificationPageAfterSignup" name="DS_024_verifyIsSmsVerificationPageExistsAfterSignup" time="48.658"/>
  <system-out/>
  <testcase classname="com.dentscribe.testCases_iOS.TestSmsVerificationPageAfterSignup" name="DS_025_verifySmsVerificationWithBlankOtp" time="1.223"/>
  <system-out/>
  <testcase classname="com.dentscribe.testCases_iOS.TestSmsVerificationPageAfterSignup" name="DS_026_verifySmsVerificationWithWrongOtp" time="13.637"/>
  <system-out/>
  <testcase classname="com.dentscribe.testCases_iOS.TestSmsVerificationPageAfterSignup" name="DS_027_verifySmsVerificationResendCodeLink" time="22.406"/>
  <system-out/>
  <testcase classname="com.dentscribe.testCases_iOS.TestSmsVerificationPageAfterSignup" name="DS_027_verifyWhetherSmsVerificationPageBackIconRedirectToSignupPage" time="1.267"/>
  <system-out/>
  <testcase classname="com.dentscribe.testCases_iOS.TestSmsVerificationPageAfterSignup" name="DS_028_verifySmsVerificationWithValidOtp" time="20.577"/>
  <system-out/>
</testsuite> <!-- com.dentscribe.testCases_iOS.TestSmsVerificationPageAfterSignup -->
