<?xml version="1.0" encoding="UTF-8"?>
<!-- Generated by org.testng.reporters.JUnitReportReporter -->
<testsuite hostname="MCL-0048s-MacBook-Pro.local" failures="0" tests="1" name="com.dentscribe.testCasesIOS.VerifyInvalidSearchPatientTest" time="73.462" errors="0" timestamp="2023-12-01T22:32:16 IST" skipped="0">
  <testcase classname="com.dentscribe.testCasesIOS.VerifyInvalidSearchPatientTest" name="searchPatient" time="73.462"/>
  <system-out/>
</testsuite> <!-- com.dentscribe.testCasesIOS.VerifyInvalidSearchPatientTest -->
