<?xml version="1.0" encoding="UTF-8"?>
<!-- Generated by org.testng.reporters.JUnitReportReporter -->
<testsuite hostname="MCL-0048s-MacBook-Pro.local" failures="0" tests="8" name="com.dentscribe.testCases_iOS.TestSignUpPage" time="117.013" errors="0" timestamp="2023-12-08T13:47:58 IST" skipped="0">
  <testcase classname="com.dentscribe.testCases_iOS.TestSignUpPage" name="DS_016_verifyIsSignupPageExists" time="1.241"/>
  <system-out/>
  <testcase classname="com.dentscribe.testCases_iOS.TestSignUpPage" name="DS_017_verifySignupWithoutMandatoryFields" time="19.079"/>
  <system-out/>
  <testcase classname="com.dentscribe.testCases_iOS.TestSignUpPage" name="DS_018_verifySignupPageForInvalidEmail" time="11.093"/>
  <system-out/>
  <testcase classname="com.dentscribe.testCases_iOS.TestSignUpPage" name="DS_019_verifySignupPageForWeakPassword" time="8.694"/>
  <system-out/>
  <testcase classname="com.dentscribe.testCases_iOS.TestSignUpPage" name="DS_020_verifySignupPageForConfirPassowrd" time="12.728"/>
  <system-out/>
  <testcase classname="com.dentscribe.testCases_iOS.TestSignUpPage" name="DS_021_verifyExistingAndDuplicateEmailId" time="47.942"/>
  <system-out/>
  <testcase classname="com.dentscribe.testCases_iOS.TestSignUpPage" name="DS_022_verifySignupWithOnlyMandatoryFields" time="10.119"/>
  <system-out/>
  <testcase classname="com.dentscribe.testCases_iOS.TestSignUpPage" name="DS_023_verifySignupConfirmationPopupButtons" time="6.117"/>
  <system-out/>
</testsuite> <!-- com.dentscribe.testCases_iOS.TestSignUpPage -->
