<?xml version="1.0" encoding="UTF-8"?>
<!-- Generated by org.testng.reporters.JUnitReportReporter -->
<testsuite hostname="MCL-0048s-MacBook-Pro.local" failures="0" tests="6" name="com.dentscribe.testCasesIOS.DS_001_008_LoginPageTest" time="48.170" errors="0" timestamp="2023-12-08T12:39:58 IST" skipped="0">
  <testcase classname="com.dentscribe.testCasesIOS.DS_001_008_LoginPageTest" name="verifyIsLoginPageExistsAndItsFields" time="1.445"/>
  <system-out/>
  <testcase classname="com.dentscribe.testCasesIOS.DS_001_008_LoginPageTest" name="verifyLoginWithoutMandatoryFields" time="1.022"/>
  <system-out/>
  <testcase classname="com.dentscribe.testCasesIOS.DS_001_008_LoginPageTest" name="verifyLoginWithNonExistingUser" time="9.516"/>
  <system-out/>
  <testcase classname="com.dentscribe.testCasesIOS.DS_001_008_LoginPageTest" name="verifyLoginWithInvalidPassword" time="10.100"/>
  <system-out/>
  <testcase classname="com.dentscribe.testCasesIOS.DS_001_008_LoginPageTest" name="verifyLoginWithThreeInvalidAttempts" time="12.722"/>
  <system-out/>
  <testcase classname="com.dentscribe.testCasesIOS.DS_001_008_LoginPageTest" name="verifyLoginWithValidCredentials" time="13.365"/>
  <system-out/>
</testsuite> <!-- com.dentscribe.testCasesIOS.DS_001_008_LoginPageTest -->
