<?xml version="1.0" encoding="UTF-8"?>
<!-- Generated by org.testng.reporters.JUnitReportReporter -->
<testsuite hostname="MCL-0048s-MacBook-Pro.local" failures="0" tests="5" name="com.dentscribe.testCases_iOS.TestCreateUserTakeFreePlanAndBuyPaidPlan" time="427.978" errors="0" timestamp="2023-12-13T16:57:41 IST" skipped="0">
  <testcase classname="com.dentscribe.testCases_iOS.TestCreateUserTakeFreePlanAndBuyPaidPlan" name="createNewUserAndGoToManageSubscriptionPage" time="347.523"/>
  <system-out/>
  <testcase classname="com.dentscribe.testCases_iOS.TestCreateUserTakeFreePlanAndBuyPaidPlan" name="verifyAddPaymentMethodMandatoryFields" time="15.583"/>
  <system-out/>
  <testcase classname="com.dentscribe.testCases_iOS.TestCreateUserTakeFreePlanAndBuyPaidPlan" name="verifyAddPaymentMethodBackIcon" time="1.403"/>
  <system-out/>
  <testcase classname="com.dentscribe.testCases_iOS.TestCreateUserTakeFreePlanAndBuyPaidPlan" name="verifyCanUserTake30DaysFreeTrialPlan" time="25.618"/>
  <system-out/>
  <testcase classname="com.dentscribe.testCases_iOS.TestCreateUserTakeFreePlanAndBuyPaidPlan" name="verifyCanUserBuyPaidPlanAfterFreeTrialPlan" time="37.851"/>
  <system-out/>
</testsuite> <!-- com.dentscribe.testCases_iOS.TestCreateUserTakeFreePlanAndBuyPaidPlan -->
