<?xml version="1.0" encoding="UTF-8"?>
<!-- Generated by org.testng.reporters.JUnitReportReporter -->
<testsuite hostname="CPU-0190" failures="0" tests="2" name="com.dentscribe.android.tests.ChangePassword" time="83.189" errors="1" timestamp="2023-09-29T17:30:01 IST" skipped="1">
  <testcase classname="com.dentscribe.android.tests.ChangePassword" name="changePassword" time="41.037">
    <skipped/>
  </testcase> <!-- changePassword -->
  <system-out/>
  <testcase classname="com.dentscribe.android.tests.ChangePassword" name="changePassword" time="42.152">
    <error message="Expected condition failed: waiting for visibility of element located by By.xpath: //*[contains(@text,&#039;Welcome,&#039;)] (tried for 20 second(s) with 500 milliseconds interval)
Build info: version: &#039;4.13.0&#039;, revision: &#039;ba948ece5b*&#039;
System info: os.name: &#039;Windows 10&#039;, os.arch: &#039;amd64&#039;, os.version: &#039;10.0&#039;, java.version: &#039;17.0.7&#039;
Driver info: io.appium.java_client.android.AndroidDriver
Capabilities {appium:appActivity: com.dentscribe.dev.MainActi..., appium:appPackage: com.dentscribe.dev, appium:automationName: UIAutomator2, appium:databaseEnabled: false, appium:desired: {appActivity: com.dentscribe.dev.MainActi..., appPackage: com.dentscribe.dev, automationName: UIAutomator2, deviceName: ZD222236MD, platformName: ANDROID}, appium:deviceApiLevel: 31, appium:deviceManufacturer: motorola, appium:deviceModel: moto g(40) fusion, appium:deviceName: ZD222236MD, appium:deviceScreenDensity: 400, appium:deviceScreenSize: 1080x2460, appium:deviceUDID: ZD222236MD, appium:javascriptEnabled: true, appium:locationContextEnabled: false, appium:networkConnectionEnabled: true, appium:pixelRatio: 2.5, appium:platformVersion: 12, appium:statBarHeight: 115, appium:takesScreenshot: true, appium:viewportRect: {height: 2110, left: 0, top: 115, width: 1080}, appium:warnings: {}, appium:webStorageEnabled: false, platformName: ANDROID}
Session ID: 590507ec-233e-44ef-8cb2-13a819bcf02f" type="org.openqa.selenium.TimeoutException">
      <![CDATA[org.openqa.selenium.TimeoutException: Expected condition failed: waiting for visibility of element located by By.xpath: //*[contains(@text,'Welcome,')] (tried for 20 second(s) with 500 milliseconds interval)
Build info: version: '4.13.0', revision: 'ba948ece5b*'
System info: os.name: 'Windows 10', os.arch: 'amd64', os.version: '10.0', java.version: '17.0.7'
Driver info: io.appium.java_client.android.AndroidDriver
Capabilities {appium:appActivity: com.dentscribe.dev.MainActi..., appium:appPackage: com.dentscribe.dev, appium:automationName: UIAutomator2, appium:databaseEnabled: false, appium:desired: {appActivity: com.dentscribe.dev.MainActi..., appPackage: com.dentscribe.dev, automationName: UIAutomator2, deviceName: ZD222236MD, platformName: ANDROID}, appium:deviceApiLevel: 31, appium:deviceManufacturer: motorola, appium:deviceModel: moto g(40) fusion, appium:deviceName: ZD222236MD, appium:deviceScreenDensity: 400, appium:deviceScreenSize: 1080x2460, appium:deviceUDID: ZD222236MD, appium:javascriptEnabled: true, appium:locationContextEnabled: false, appium:networkConnectionEnabled: true, appium:pixelRatio: 2.5, appium:platformVersion: 12, appium:statBarHeight: 115, appium:takesScreenshot: true, appium:viewportRect: {height: 2110, left: 0, top: 115, width: 1080}, appium:warnings: {}, appium:webStorageEnabled: false, platformName: ANDROID}
Session ID: 590507ec-233e-44ef-8cb2-13a819bcf02f
at org.openqa.selenium.support.ui.WebDriverWait.timeoutException(WebDriverWait.java:84)
at org.openqa.selenium.support.ui.FluentWait.until(FluentWait.java:230)
at com.dentscribe.android.tests.ChangePassword.changePassword(ChangePassword.java:26)
at java.base/jdk.internal.reflect.NativeMethodAccessorImpl.invoke0(Native Method)
at java.base/jdk.internal.reflect.NativeMethodAccessorImpl.invoke(NativeMethodAccessorImpl.java:77)
at java.base/jdk.internal.reflect.DelegatingMethodAccessorImpl.invoke(DelegatingMethodAccessorImpl.java:43)
at java.base/java.lang.reflect.Method.invoke(Method.java:568)
at org.testng.internal.MethodInvocationHelper.invokeMethod(MethodInvocationHelper.java:133)
at org.testng.internal.TestInvoker.invokeMethod(TestInvoker.java:598)
at org.testng.internal.TestInvoker.retryFailed(TestInvoker.java:213)
at org.testng.internal.MethodRunner.runInSequence(MethodRunner.java:58)
at org.testng.internal.TestInvoker$MethodInvocationAgent.invoke(TestInvoker.java:824)
at org.testng.internal.TestInvoker.invokeTestMethods(TestInvoker.java:146)
at org.testng.internal.TestMethodWorker.invokeTestMethods(TestMethodWorker.java:146)
at org.testng.internal.TestMethodWorker.run(TestMethodWorker.java:128)
at java.base/java.util.ArrayList.forEach(ArrayList.java:1511)
at org.testng.TestRunner.privateRun(TestRunner.java:794)
at org.testng.TestRunner.run(TestRunner.java:596)
at org.testng.SuiteRunner.runTest(SuiteRunner.java:377)
at org.testng.SuiteRunner.runSequentially(SuiteRunner.java:371)
at org.testng.SuiteRunner.privateRun(SuiteRunner.java:332)
at org.testng.SuiteRunner.run(SuiteRunner.java:276)
at org.testng.SuiteRunnerWorker.runSuite(SuiteRunnerWorker.java:53)
at org.testng.SuiteRunnerWorker.run(SuiteRunnerWorker.java:96)
at org.testng.TestNG.runSuitesSequentially(TestNG.java:1212)
at org.testng.TestNG.runSuitesLocally(TestNG.java:1134)
at org.testng.TestNG.runSuites(TestNG.java:1063)
at org.testng.TestNG.run(TestNG.java:1031)
at org.testng.remote.AbstractRemoteTestNG.run(AbstractRemoteTestNG.java:115)
at org.testng.remote.RemoteTestNG.initAndRun(RemoteTestNG.java:251)
at org.testng.remote.RemoteTestNG.main(RemoteTestNG.java:77)
]]>
    </error>
  </testcase> <!-- changePassword -->
  <system-out/>
</testsuite> <!-- com.dentscribe.android.tests.ChangePassword -->
