<?xml version="1.0" encoding="UTF-8"?>
<!-- Generated by org.testng.reporters.JUnitReportReporter -->
<testsuite hostname="MCL-0048s-MacBook-Pro.local" failures="0" tests="3" name="com.dentscribe.testCases_iOS.TestChangePassword" time="78.484" errors="0" timestamp="2023-12-11T19:43:32 IST" skipped="0">
  <testcase classname="com.dentscribe.testCases_iOS.TestChangePassword" name="verifyChangePasswordFromSettingsPage" time="55.324"/>
  <system-out/>
  <testcase classname="com.dentscribe.testCases_iOS.TestChangePassword" name="verifyUserShouldNotLoginFromOldPassword" time="9.140"/>
  <system-out/>
  <testcase classname="com.dentscribe.testCases_iOS.TestChangePassword" name="verifyUserShouldLoginFromNewChangedPassword" time="14.020"/>
  <system-out/>
</testsuite> <!-- com.dentscribe.testCases_iOS.TestChangePassword -->
