<?xml version="1.0" encoding="UTF-8"?>
<!-- Generated by org.testng.reporters.JUnitReportReporter -->
<testsuite hostname="MCL-0048s-MacBook-Pro.local" failures="0" tests="10" name="com.dentscribe.testCases_iOS.TestCreateUserBuyPaidPlanAndCancelPaidPlan" time="509.535" errors="0" timestamp="2023-12-22T16:41:24 IST" skipped="0">
  <testcase classname="com.dentscribe.testCases_iOS.TestCreateUserBuyPaidPlanAndCancelPaidPlan" name="verifySignupNewUser" time="70.630"/>
  <system-out/>
  <testcase classname="com.dentscribe.testCases_iOS.TestCreateUserBuyPaidPlanAndCancelPaidPlan" name="verifyCreatePracticeInfo" time="42.434"/>
  <system-out/>
  <testcase classname="com.dentscribe.testCases_iOS.TestCreateUserBuyPaidPlanAndCancelPaidPlan" name="verifySikkaWebViewRegistration" time="191.537"/>
  <system-out/>
  <testcase classname="com.dentscribe.testCases_iOS.TestCreateUserBuyPaidPlanAndCancelPaidPlan" name="verifySpuInstallPopupAndRefreshData" time="12.008"/>
  <system-out/>
  <testcase classname="com.dentscribe.testCases_iOS.TestCreateUserBuyPaidPlanAndCancelPaidPlan" name="verifyEulaAgreementPageAndAcceptAgreement" time="32.778"/>
  <system-out/>
  <testcase classname="com.dentscribe.testCases_iOS.TestCreateUserBuyPaidPlanAndCancelPaidPlan" name="verifyCanUserBuyPaidPlan" time="52.754"/>
  <system-out/>
  <testcase classname="com.dentscribe.testCases_iOS.TestCreateUserBuyPaidPlanAndCancelPaidPlan" name="verifyCancelSubscriptionPopup" time="10.736"/>
  <system-out/>
  <testcase classname="com.dentscribe.testCases_iOS.TestCreateUserBuyPaidPlanAndCancelPaidPlan" name="verifyCanUserCancelSubcription" time="11.530"/>
  <system-out/>
  <testcase classname="com.dentscribe.testCases_iOS.TestCreateUserBuyPaidPlanAndCancelPaidPlan" name="verifyCanUserUpdatePaymentMethod" time="78.389"/>
  <system-out/>
  <testcase classname="com.dentscribe.testCases_iOS.TestCreateUserBuyPaidPlanAndCancelPaidPlan" name="verifyCanUserBuyPaidPlanAgainAfterCancelOnce" time="6.739"/>
  <system-out/>
</testsuite> <!-- com.dentscribe.testCases_iOS.TestCreateUserBuyPaidPlanAndCancelPaidPlan -->
