<?xml version="1.0" encoding="UTF-8"?>
<!-- Generated by org.testng.reporters.JUnitReportReporter -->
<testsuite hostname="MCL-0048s-MacBook-Pro.local" failures="0" tests="8" name="com.dentscribe.testCases_iOS.TestAppointmentStatusStartReviewReviewed" time="216.625" errors="0" timestamp="2023-12-12T15:57:25 IST" skipped="0">
  <testcase classname="com.dentscribe.testCases_iOS.TestAppointmentStatusStartReviewReviewed" name="goToCalendarPageAndSelectAppointmentsDate" time="54.592"/>
  <system-out/>
  <testcase classname="com.dentscribe.testCases_iOS.TestAppointmentStatusStartReviewReviewed" name="verifyIsPatientPopupAppearingOnStartButtonClick" time="31.300"/>
  <system-out/>
  <testcase classname="com.dentscribe.testCases_iOS.TestAppointmentStatusStartReviewReviewed" name="verifyStartRecordingButtonAndClick" time="21.593"/>
  <system-out/>
  <testcase classname="com.dentscribe.testCases_iOS.TestAppointmentStatusStartReviewReviewed" name="verifyReviewButtonAfterStopRecording" time="89.045"/>
  <system-out/>
  <testcase classname="com.dentscribe.testCases_iOS.TestAppointmentStatusStartReviewReviewed" name="verifySoapReportAfterReviewButtonClick" time="2.548"/>
  <system-out/>
  <testcase classname="com.dentscribe.testCases_iOS.TestAppointmentStatusStartReviewReviewed" name="verifyEditIconSoapReport" time="0.700"/>
  <system-out/>
  <testcase classname="com.dentscribe.testCases_iOS.TestAppointmentStatusStartReviewReviewed" name="verifyReviewedButtonAfterUpdateSignatureInSoapReport" time="9.771"/>
  <system-out/>
  <testcase classname="com.dentscribe.testCases_iOS.TestAppointmentStatusStartReviewReviewed" name="verifySoapReportAfterReviewedButtonClick" time="7.076"/>
  <system-out/>
</testsuite> <!-- com.dentscribe.testCases_iOS.TestAppointmentStatusStartReviewReviewed -->
