<?xml version="1.0" encoding="UTF-8"?>
<!-- Generated by org.testng.reporters.JUnitReportReporter -->
<testsuite hostname="CPU-0190" failures="0" tests="1" name="Demo.FirstTest" time="14.093" errors="0" timestamp="2023-09-06T11:14:04 IST" skipped="0">
  <testcase classname="Demo.FirstTest" name="check" time="14.093"/>
  <system-out/>
</testsuite> <!-- Demo.FirstTest -->
