<?xml version="1.0" encoding="UTF-8"?>
<!-- Generated by org.testng.reporters.JUnitReportReporter -->
<testsuite hostname="MCL-0048s-MacBook-Pro.local" failures="0" tests="1" name="com.dentscribe.testCasesIOS.SubscriptionPlanFreeTrailTest" time="413.286" errors="0" timestamp="2023-12-01T17:35:46 IST" skipped="0">
  <testcase classname="com.dentscribe.testCasesIOS.SubscriptionPlanFreeTrailTest" name="VerifySubcriptionPlan" time="413.286"/>
  <system-out/>
</testsuite> <!-- com.dentscribe.testCasesIOS.SubscriptionPlanFreeTrailTest -->
