<?xml version="1.0" encoding="UTF-8"?>
<!-- Generated by org.testng.reporters.JUnitReportReporter -->
<testsuite hostname="MCL-0048s-MacBook-Pro.local" failures="0" tests="10" name="com.dentscribe.testCases_iOS.TestSettingsPage" time="141.744" errors="0" timestamp="2023-12-22T16:41:24 IST" skipped="0">
  <testcase classname="com.dentscribe.testCases_iOS.TestSettingsPage" name="verifyIsSettingsPageExists" time="36.888"/>
  <system-out/>
  <testcase classname="com.dentscribe.testCases_iOS.TestSettingsPage" name="verifyBackIconSettingsPage" time="20.430"/>
  <system-out/>
  <testcase classname="com.dentscribe.testCases_iOS.TestSettingsPage" name="verifyPushNotificationsSwitch" time="5.650"/>
  <system-out/>
  <testcase classname="com.dentscribe.testCases_iOS.TestSettingsPage" name="verifySmsNotificationsSwitch" time="5.626"/>
  <system-out/>
  <testcase classname="com.dentscribe.testCases_iOS.TestSettingsPage" name="verifyEmailNotificationsSwitch" time="5.539"/>
  <system-out/>
  <testcase classname="com.dentscribe.testCases_iOS.TestSettingsPage" name="verifyAccountInfoUpdate" time="18.669"/>
  <system-out/>
  <testcase classname="com.dentscribe.testCases_iOS.TestSettingsPage" name="verifyPracticeUpdate" time="28.642"/>
  <system-out/>
  <testcase classname="com.dentscribe.testCases_iOS.TestSettingsPage" name="verifyHelpOptionsSettingsPage" time="13.817"/>
  <system-out/>
  <testcase classname="com.dentscribe.testCases_iOS.TestSettingsPage" name="verifyFAQsInHelpPage" time="4.227"/>
  <system-out/>
  <testcase classname="com.dentscribe.testCases_iOS.TestSettingsPage" name="verifyLogout" time="2.256"/>
  <system-out/>
</testsuite> <!-- com.dentscribe.testCases_iOS.TestSettingsPage -->
