<?xml version="1.0" encoding="UTF-8"?>
<!-- Generated by org.testng.reporters.JUnitReportReporter -->
<testsuite hostname="MCL-0048s-MacBook-Pro.local" failures="1" tests="7" name="com.dentscribe.testCases_iOS.TestFeedbackAndNewFeedbackPages" time="74.114" errors="0" timestamp="2023-12-21T18:21:21 IST" skipped="1">
  <testcase classname="com.dentscribe.testCases_iOS.TestFeedbackAndNewFeedbackPages" name="verifyIsFeedbackPageExists" time="38.760"/>
  <system-out/>
  <testcase classname="com.dentscribe.testCases_iOS.TestFeedbackAndNewFeedbackPages" name="verifyIsExpectedFieldsExistsOnFeedbackPage" time="5.923"/>
  <system-out/>
  <testcase classname="com.dentscribe.testCases_iOS.TestFeedbackAndNewFeedbackPages" name="verifyIsNewFeedbackPageExists" time="1.328"/>
  <system-out/>
  <testcase classname="com.dentscribe.testCases_iOS.TestFeedbackAndNewFeedbackPages" name="verifyIsExpectedFieldsExistsOnNewFeedbackPage" time="0.978"/>
  <system-out/>
  <testcase classname="com.dentscribe.testCases_iOS.TestFeedbackAndNewFeedbackPages" name="verifyBackIconNewFeedbackPage" time="1.339"/>
  <system-out/>
  <testcase classname="com.dentscribe.testCases_iOS.TestFeedbackAndNewFeedbackPages" name="createNewFeedbackAndVerify" time="25.786">
    <failure message="null" type="java.lang.AssertionError">
      <![CDATA[java.lang.AssertionError: null
at org.testng.Assert.fail(Assert.java:99)
at org.testng.Assert.fail(Assert.java:106)
at com.dentscribe.pages.ios.FeedbackPage.verifyNewlyAddedFeedback(FeedbackPage.java:108)
at com.dentscribe.testCases_iOS.TestFeedbackAndNewFeedbackPages.createNewFeedbackAndVerify(TestFeedbackAndNewFeedbackPages.java:81)
at java.base/jdk.internal.reflect.DirectMethodHandleAccessor.invoke(DirectMethodHandleAccessor.java:104)
at java.base/java.lang.reflect.Method.invoke(Method.java:578)
at org.testng.internal.MethodInvocationHelper.invokeMethod(MethodInvocationHelper.java:133)
at org.testng.internal.TestInvoker.invokeMethod(TestInvoker.java:598)
at org.testng.internal.TestInvoker.invokeTestMethod(TestInvoker.java:173)
at org.testng.internal.MethodRunner.runInSequence(MethodRunner.java:46)
at org.testng.internal.TestInvoker$MethodInvocationAgent.invoke(TestInvoker.java:824)
at org.testng.internal.TestInvoker.invokeTestMethods(TestInvoker.java:146)
at org.testng.internal.TestMethodWorker.invokeTestMethods(TestMethodWorker.java:146)
at org.testng.internal.TestMethodWorker.run(TestMethodWorker.java:128)
at java.base/java.util.ArrayList.forEach(ArrayList.java:1511)
at org.testng.TestRunner.privateRun(TestRunner.java:794)
at org.testng.TestRunner.run(TestRunner.java:596)
at org.testng.SuiteRunner.runTest(SuiteRunner.java:377)
at org.testng.SuiteRunner.runSequentially(SuiteRunner.java:371)
at org.testng.SuiteRunner.privateRun(SuiteRunner.java:332)
at org.testng.SuiteRunner.run(SuiteRunner.java:276)
at org.testng.SuiteRunnerWorker.runSuite(SuiteRunnerWorker.java:53)
at org.testng.SuiteRunnerWorker.run(SuiteRunnerWorker.java:96)
at org.testng.TestNG.runSuitesSequentially(TestNG.java:1212)
at org.testng.TestNG.runSuitesLocally(TestNG.java:1134)
at org.testng.TestNG.runSuites(TestNG.java:1063)
at org.testng.TestNG.run(TestNG.java:1031)
at org.testng.remote.AbstractRemoteTestNG.run(AbstractRemoteTestNG.java:115)
at org.testng.remote.RemoteTestNG.initAndRun(RemoteTestNG.java:251)
at org.testng.remote.RemoteTestNG.main(RemoteTestNG.java:77)
]]>
    </failure>
  </testcase> <!-- createNewFeedbackAndVerify -->
  <system-out/>
  <testcase classname="com.dentscribe.testCases_iOS.TestFeedbackAndNewFeedbackPages" name="verifyBackIconFeedbackPage" time="0.000">
    <skipped/>
  </testcase> <!-- verifyBackIconFeedbackPage -->
  <system-out/>
</testsuite> <!-- com.dentscribe.testCases_iOS.TestFeedbackAndNewFeedbackPages -->
