<?xml version="1.0" encoding="UTF-8"?>
<!-- Generated by org.testng.reporters.JUnitReportReporter -->
<testsuite hostname="MCL-0048s-MacBook-Pro.local" failures="0" tests="1" name="com.dentscribe.testCasesIOS.PatientProfileTest" time="86.107" errors="0" timestamp="2023-11-29T18:01:16 IST" skipped="0">
  <testcase classname="com.dentscribe.testCasesIOS.PatientProfileTest" name="verifyPatientProfile" time="86.107"/>
  <system-out/>
</testsuite> <!-- com.dentscribe.testCasesIOS.PatientProfileTest -->
