<?xml version="1.0" encoding="UTF-8"?>
<!-- Generated by org.testng.reporters.JUnitReportReporter -->
<testsuite hostname="MCL-0048s-MacBook-Pro.local" failures="0" tests="9" name="com.dentscribe.testCasesIOS.DS_020_021_SettingsPageTest" time="143.345" errors="0" timestamp="2023-12-07T19:06:54 IST" skipped="0">
  <testcase classname="com.dentscribe.testCasesIOS.DS_020_021_SettingsPageTest" name="verifyIsSettingsPageExists" time="36.396"/>
  <system-out/>
  <testcase classname="com.dentscribe.testCasesIOS.DS_020_021_SettingsPageTest" name="verifyBackIconSettingsPage" time="10.479"/>
  <system-out/>
  <testcase classname="com.dentscribe.testCasesIOS.DS_020_021_SettingsPageTest" name="verifyHelpOptionsSettingsPage" time="5.057"/>
  <system-out/>
  <testcase classname="com.dentscribe.testCasesIOS.DS_020_021_SettingsPageTest" name="verifyPushNotificationsSwitch" time="5.642"/>
  <system-out/>
  <testcase classname="com.dentscribe.testCasesIOS.DS_020_021_SettingsPageTest" name="verifySmsNotificationsSwitch" time="5.674"/>
  <system-out/>
  <testcase classname="com.dentscribe.testCasesIOS.DS_020_021_SettingsPageTest" name="verifyEmailNotificationsSwitch" time="5.624"/>
  <system-out/>
  <testcase classname="com.dentscribe.testCasesIOS.DS_020_021_SettingsPageTest" name="verifyAccountInfoUpdate" time="25.622"/>
  <system-out/>
  <testcase classname="com.dentscribe.testCasesIOS.DS_020_021_SettingsPageTest" name="verifyPracticeUpdate" time="37.937"/>
  <system-out/>
  <testcase classname="com.dentscribe.testCasesIOS.DS_020_021_SettingsPageTest" name="verifyLogout" time="10.914"/>
  <system-out/>
</testsuite> <!-- com.dentscribe.testCasesIOS.DS_020_021_SettingsPageTest -->
