<?xml version="1.0" encoding="UTF-8"?>
<!-- Generated by org.testng.reporters.JUnitReportReporter -->
<testsuite hostname="MCL-0048s-MacBook-Pro.local" failures="0" tests="9" name="com.dentscribe.testCases_iOS.TestSoapReportAndPatientProfilePage" time="277.619" errors="0" timestamp="2023-12-22T16:41:24 IST" skipped="0">
  <testcase classname="com.dentscribe.testCases_iOS.TestSoapReportAndPatientProfilePage" name="verifyIsRecordingPageOpenedForExpectedPatient" time="103.787"/>
  <system-out/>
  <testcase classname="com.dentscribe.testCases_iOS.TestSoapReportAndPatientProfilePage" name="verifyBackIconRecordingPage" time="5.559"/>
  <system-out/>
  <testcase classname="com.dentscribe.testCases_iOS.TestSoapReportAndPatientProfilePage" name="verifyIsSoapReportCreated" time="67.486"/>
  <system-out/>
  <testcase classname="com.dentscribe.testCases_iOS.TestSoapReportAndPatientProfilePage" name="verifyEditIconSoapReport" time="0.708"/>
  <system-out/>
  <testcase classname="com.dentscribe.testCases_iOS.TestSoapReportAndPatientProfilePage" name="verifyEditSoapReportAndAddSignatureDuringEditableReport" time="1.987"/>
  <system-out/>
  <testcase classname="com.dentscribe.testCases_iOS.TestSoapReportAndPatientProfilePage" name="updateUserDetailsAndVerifySame" time="20.894"/>
  <system-out/>
  <testcase classname="com.dentscribe.testCases_iOS.TestSoapReportAndPatientProfilePage" name="verifyBackIconSoapReportAndReviewedButtonForAppointment" time="13.426"/>
  <system-out/>
  <testcase classname="com.dentscribe.testCases_iOS.TestSoapReportAndPatientProfilePage" name="verifyPatientProfilePage" time="49.916"/>
  <system-out/>
  <testcase classname="com.dentscribe.testCases_iOS.TestSoapReportAndPatientProfilePage" name="verifyBackIconPatientProfilePage" time="13.856"/>
  <system-out/>
</testsuite> <!-- com.dentscribe.testCases_iOS.TestSoapReportAndPatientProfilePage -->
