<?xml version="1.0" encoding="UTF-8"?>
<!-- Generated by org.testng.reporters.JUnitReportReporter -->
<testsuite hostname="MCL-0048s-MacBook-Pro.local" failures="0" tests="6" name="com.dentscribe.testCases_iOS.TestDoRecordingAndSubmitReportWithoutEditSoapReport" time="219.437" errors="0" timestamp="2023-12-12T19:01:27 IST" skipped="0">
  <testcase classname="com.dentscribe.testCases_iOS.TestDoRecordingAndSubmitReportWithoutEditSoapReport" name="verifyContinueButtonAfterPauseRecordingThroughPauseButton" time="98.192"/>
  <system-out/>
  <testcase classname="com.dentscribe.testCases_iOS.TestDoRecordingAndSubmitReportWithoutEditSoapReport" name="verifyIsPatientPopupAppearingOnContinueButtonClick" time="9.915"/>
  <system-out/>
  <testcase classname="com.dentscribe.testCases_iOS.TestDoRecordingAndSubmitReportWithoutEditSoapReport" name="verifyContinueRecordingButtonAndClick" time="24.051"/>
  <system-out/>
  <testcase classname="com.dentscribe.testCases_iOS.TestDoRecordingAndSubmitReportWithoutEditSoapReport" name="verifyContinueButtonAfterPauseRecordingThroughBackIcon" time="5.461"/>
  <system-out/>
  <testcase classname="com.dentscribe.testCases_iOS.TestDoRecordingAndSubmitReportWithoutEditSoapReport" name="verifyStopRecordingAfterContinueButtonClick" time="67.886"/>
  <system-out/>
  <testcase classname="com.dentscribe.testCases_iOS.TestDoRecordingAndSubmitReportWithoutEditSoapReport" name="verifyReviewedButtonForAppointmentWithoutEditSoapReport" time="13.932"/>
  <system-out/>
</testsuite> <!-- com.dentscribe.testCases_iOS.TestDoRecordingAndSubmitReportWithoutEditSoapReport -->
