<?xml version="1.0" encoding="UTF-8"?>
<!-- Generated by org.testng.reporters.JUnitReportReporter -->
<testsuite hostname="CPU-0190" failures="0" tests="1" name="com.dentscribe.testCases.DS_001_008_LoginTest" time="54.352" errors="0" timestamp="2023-10-26T16:44:21 IST" skipped="0">
  <testcase classname="com.dentscribe.testCases.DS_001_008_LoginTest" name="loginTest" time="54.352"/>
  <system-out/>
</testsuite> <!-- com.dentscribe.testCases.DS_001_008_LoginTest -->
