<?xml version="1.0" encoding="UTF-8"?>
<!-- Generated by org.testng.reporters.JUnitReportReporter -->
<testsuite hostname="MCL-0048s-MacBook-Pro.local" failures="0" tests="6" name="com.dentscribe.testCases_iOS.TestLoginPage" time="52.323" errors="0" timestamp="2023-12-22T16:41:24 IST" skipped="0">
  <testcase classname="com.dentscribe.testCases_iOS.TestLoginPage" name="DS_004_verifyIsLoginPageExistsAndItsFields" time="1.301"/>
  <system-out/>
  <testcase classname="com.dentscribe.testCases_iOS.TestLoginPage" name="DS_005_verifyLoginWithoutMandatoryFields" time="1.002"/>
  <system-out/>
  <testcase classname="com.dentscribe.testCases_iOS.TestLoginPage" name="DS_006_verifyLoginWithNonExistingUser" time="10.282"/>
  <system-out/>
  <testcase classname="com.dentscribe.testCases_iOS.TestLoginPage" name="DS_007_verifyLoginWithInvalidPassword" time="10.096"/>
  <system-out/>
  <testcase classname="com.dentscribe.testCases_iOS.TestLoginPage" name="DS_008_verifyLoginWithThreeInvalidAttempts" time="14.253"/>
  <system-out/>
  <testcase classname="com.dentscribe.testCases_iOS.TestLoginPage" name="DS_009_verifyLoginWithValidCredentials" time="15.389"/>
  <system-out/>
</testsuite> <!-- com.dentscribe.testCases_iOS.TestLoginPage -->
