<?xml version="1.0" encoding="UTF-8"?>
<!-- Generated by org.testng.reporters.JUnitReportReporter -->
<testsuite hostname="MCL-0048s-MacBook-Pro.local" failures="0" tests="5" name="com.dentscribe.testCases_iOS.SignupAndLoginWithoutRegisterPractice" time="94.098" errors="0" timestamp="2023-12-08T16:44:27 IST" skipped="0">
  <testcase classname="com.dentscribe.testCases_iOS.SignupAndLoginWithoutRegisterPractice" name="verifySignupWithNonSupportedPMS" time="48.465"/>
  <system-out/>
  <testcase classname="com.dentscribe.testCases_iOS.SignupAndLoginWithoutRegisterPractice" name="verifySignupWithSupportedPMS" time="3.126"/>
  <system-out/>
  <testcase classname="com.dentscribe.testCases_iOS.SignupAndLoginWithoutRegisterPractice" name="verifyWishToContinuePopupBackButton" time="1.947"/>
  <system-out/>
  <testcase classname="com.dentscribe.testCases_iOS.SignupAndLoginWithoutRegisterPractice" name="verifyPracticeInfoMandatoryFields" time="30.221"/>
  <system-out/>
  <testcase classname="com.dentscribe.testCases_iOS.SignupAndLoginWithoutRegisterPractice" name="verifyLoginWithoutRegisterPractice" time="10.339"/>
  <system-out/>
</testsuite> <!-- com.dentscribe.testCases_iOS.SignupAndLoginWithoutRegisterPractice -->
