<?xml version="1.0" encoding="UTF-8"?>
<!-- Generated by org.testng.reporters.JUnitReportReporter -->
<testsuite hostname="CPU-0190" failures="0" tests="1" name="com.dentscribe.testCases.TourPagesTest" time="40.850" errors="0" timestamp="2023-10-05T11:55:47 IST" skipped="0">
  <testcase classname="com.dentscribe.testCases.TourPagesTest" name="tourPageTest" time="40.850"/>
  <system-out/>
</testsuite> <!-- com.dentscribe.testCases.TourPagesTest -->
