<?xml version="1.0" encoding="UTF-8"?>
<!-- Generated by org.testng.reporters.JUnitReportReporter -->
<testsuite hostname="CPU-0190" failures="0" tests="1" name="com.dentscribe.testCases.SmsVerificationTest" time="107.718" errors="0" timestamp="2023-10-05T15:21:45 IST" skipped="0">
  <testcase classname="com.dentscribe.testCases.SmsVerificationTest" name="validateSMSscreenTest" time="107.718"/>
  <system-out/>
</testsuite> <!-- com.dentscribe.testCases.SmsVerificationTest -->
